c:\_programming\_repositories\scarab-engine\_vcproject\scarab engine\lib\debug\lib.pdb
c:\_programming\_repositories\scarab-engine\_vcproject\scarab engine\lib\debug\lib.idb
c:\_programming\_repositories\scarab-engine\_vcproject\scarab engine\lib\debug\breakallocator.obj
c:\_programming\_repositories\scarab-engine\_vcproject\scarab engine\lib\debug\breakallocator.asm
c:\_programming\_repositories\scarab-engine\_vcproject\scarab engine\lib\debug\heapallocator.obj
c:\_programming\_repositories\scarab-engine\_vcproject\scarab engine\lib\debug\heapallocator.asm
c:\_programming\_repositories\scarab-engine\_vcproject\scarab engine\lib\debug\memoryallocator.obj
c:\_programming\_repositories\scarab-engine\_vcproject\scarab engine\lib\debug\memoryallocator.asm
c:\_programming\_repositories\scarab-engine\_vcproject\scarab engine\lib\debug\poolallocator.obj
c:\_programming\_repositories\scarab-engine\_vcproject\scarab engine\lib\debug\poolallocator.asm
c:\_programming\_repositories\scarab-engine\_vcproject\scarab engine\lib\debug\stackallocator.obj
c:\_programming\_repositories\scarab-engine\_vcproject\scarab engine\lib\debug\stackallocator.asm
c:\_programming\_repositories\scarab-engine\_vcproject\scarab engine\lib\debug\memorymanager.obj
c:\_programming\_repositories\scarab-engine\_vcproject\scarab engine\lib\debug\memorymanager.asm
c:\_programming\_repositories\scarab-engine\_vcproject\scarab engine\lib\debug\object.obj
c:\_programming\_repositories\scarab-engine\_vcproject\scarab engine\lib\debug\object.asm
c:\_programming\_repositories\scarab-engine\_vcproject\scarab engine\lib\debug\manager.obj
c:\_programming\_repositories\scarab-engine\_vcproject\scarab engine\lib\debug\manager.asm
c:\_programming\_repositories\scarab-engine\_vcproject\scarab engine\lib\debug\class.obj
c:\_programming\_repositories\scarab-engine\_vcproject\scarab engine\lib\debug\class.asm
c:\_programming\_repositories\scarab-engine\_vcproject\scarab engine\lib\debug\definitions.obj
c:\_programming\_repositories\scarab-engine\_vcproject\scarab engine\lib\debug\definitions.asm
c:\_programming\_repositories\scarab-engine\_vcproject\scarab engine\lib\debug\function.obj
c:\_programming\_repositories\scarab-engine\_vcproject\scarab engine\lib\debug\function.asm
c:\_programming\_repositories\scarab-engine\_vcproject\scarab engine\lib\debug\member.obj
c:\_programming\_repositories\scarab-engine\_vcproject\scarab engine\lib\debug\member.asm
c:\_programming\_repositories\scarab-engine\_vcproject\scarab engine\lib\debug\method.obj
c:\_programming\_repositories\scarab-engine\_vcproject\scarab engine\lib\debug\method.asm
c:\_programming\_repositories\scarab-engine\_vcproject\scarab engine\lib\debug\reflect.obj
c:\_programming\_repositories\scarab-engine\_vcproject\scarab engine\lib\debug\reflect.asm
c:\_programming\_repositories\scarab-engine\_vcproject\scarab engine\lib\debug\type.obj
c:\_programming\_repositories\scarab-engine\_vcproject\scarab engine\lib\debug\type.asm
c:\_programming\_repositories\scarab-engine\_vcproject\scarab engine\lib\debug\unionstruct.obj
c:\_programming\_repositories\scarab-engine\_vcproject\scarab engine\lib\debug\unionstruct.asm
c:\_programming\_repositories\scarab-engine\_vcproject\scarab engine\lib\debug\smartpointer.obj
c:\_programming\_repositories\scarab-engine\_vcproject\scarab engine\lib\debug\smartpointer.asm
c:\_programming\_repositories\scarab-engine\_vcproject\scarab engine\lib\debug\patternmatching.obj
c:\_programming\_repositories\scarab-engine\_vcproject\scarab engine\lib\debug\patternmatching.asm
c:\_programming\_repositories\scarab-engine\_vcproject\scarab engine\lib\debug\idallocator.obj
c:\_programming\_repositories\scarab-engine\_vcproject\scarab engine\lib\debug\idallocator.asm
c:\_programming\_repositories\scarab-engine\_vcproject\scarab engine\lib\debug\uid.obj
c:\_programming\_repositories\scarab-engine\_vcproject\scarab engine\lib\debug\uid.asm
c:\_programming\_repositories\scarab-engine\_vcproject\scarab engine\lib\debug\point3.obj
c:\_programming\_repositories\scarab-engine\_vcproject\scarab engine\lib\debug\point3.asm
c:\_programming\_repositories\scarab-engine\_vcproject\scarab engine\lib\debug\rectangle2.obj
c:\_programming\_repositories\scarab-engine\_vcproject\scarab engine\lib\debug\rectangle2.asm
c:\_programming\_repositories\scarab-engine\_vcproject\scarab engine\lib\debug\matrix2.obj
c:\_programming\_repositories\scarab-engine\_vcproject\scarab engine\lib\debug\matrix2.asm
c:\_programming\_repositories\scarab-engine\_vcproject\scarab engine\lib\debug\matrix3.obj
c:\_programming\_repositories\scarab-engine\_vcproject\scarab engine\lib\debug\matrix3.asm
c:\_programming\_repositories\scarab-engine\_vcproject\scarab engine\lib\debug\matrix4.obj
c:\_programming\_repositories\scarab-engine\_vcproject\scarab engine\lib\debug\matrix4.asm
c:\_programming\_repositories\scarab-engine\_vcproject\scarab engine\lib\debug\matrixn.obj
c:\_programming\_repositories\scarab-engine\_vcproject\scarab engine\lib\debug\matrixn.asm
c:\_programming\_repositories\scarab-engine\_vcproject\scarab engine\lib\debug\quaternion.obj
c:\_programming\_repositories\scarab-engine\_vcproject\scarab engine\lib\debug\quaternion.asm
c:\_programming\_repositories\scarab-engine\_vcproject\scarab engine\lib\debug\texturecoord1.obj
c:\_programming\_repositories\scarab-engine\_vcproject\scarab engine\lib\debug\texturecoord1.asm
c:\_programming\_repositories\scarab-engine\_vcproject\scarab engine\lib\debug\texturecoord2.obj
c:\_programming\_repositories\scarab-engine\_vcproject\scarab engine\lib\debug\texturecoord2.asm
c:\_programming\_repositories\scarab-engine\_vcproject\scarab engine\lib\debug\texturecoord3.obj
c:\_programming\_repositories\scarab-engine\_vcproject\scarab engine\lib\debug\texturecoord3.asm
c:\_programming\_repositories\scarab-engine\_vcproject\scarab engine\lib\debug\texturecoord4.obj
c:\_programming\_repositories\scarab-engine\_vcproject\scarab engine\lib\debug\texturecoord4.asm
c:\_programming\_repositories\scarab-engine\_vcproject\scarab engine\lib\debug\transform2.obj
c:\_programming\_repositories\scarab-engine\_vcproject\scarab engine\lib\debug\transform2.asm
c:\_programming\_repositories\scarab-engine\_vcproject\scarab engine\lib\debug\transform3.obj
c:\_programming\_repositories\scarab-engine\_vcproject\scarab engine\lib\debug\transform3.asm
c:\_programming\_repositories\scarab-engine\_vcproject\scarab engine\lib\debug\vector2.obj
c:\_programming\_repositories\scarab-engine\_vcproject\scarab engine\lib\debug\vector2.asm
c:\_programming\_repositories\scarab-engine\_vcproject\scarab engine\lib\debug\vector3.obj
c:\_programming\_repositories\scarab-engine\_vcproject\scarab engine\lib\debug\vector3.asm
c:\_programming\_repositories\scarab-engine\_vcproject\scarab engine\lib\debug\vector4.obj
c:\_programming\_repositories\scarab-engine\_vcproject\scarab engine\lib\debug\vector4.asm
c:\_programming\_repositories\scarab-engine\_vcproject\scarab engine\lib\debug\vectorn.obj
c:\_programming\_repositories\scarab-engine\_vcproject\scarab engine\lib\debug\vectorn.asm
c:\_programming\_repositories\scarab-engine\_vcproject\scarab engine\lib\debug\vertex2.obj
c:\_programming\_repositories\scarab-engine\_vcproject\scarab engine\lib\debug\vertex2.asm
c:\_programming\_repositories\scarab-engine\_vcproject\scarab engine\lib\debug\vertex3.obj
c:\_programming\_repositories\scarab-engine\_vcproject\scarab engine\lib\debug\vertex3.asm
c:\_programming\_repositories\scarab-engine\_vcproject\scarab engine\lib\debug\vertex4.obj
c:\_programming\_repositories\scarab-engine\_vcproject\scarab engine\lib\debug\vertex4.asm
c:\_programming\_repositories\scarab-engine\_vcproject\scarab engine\lib\debug\aaboxtree.obj
c:\_programming\_repositories\scarab-engine\_vcproject\scarab engine\lib\debug\aaboxtree.asm
c:\_programming\_repositories\scarab-engine\_vcproject\scarab engine\lib\debug\gausstree.obj
c:\_programming\_repositories\scarab-engine\_vcproject\scarab engine\lib\debug\gausstree.asm
c:\_programming\_repositories\scarab-engine\_vcproject\scarab engine\lib\debug\kdtree.obj
c:\_programming\_repositories\scarab-engine\_vcproject\scarab engine\lib\debug\kdtree.asm
c:\_programming\_repositories\scarab-engine\_vcproject\scarab engine\lib\debug\octree.obj
c:\_programming\_repositories\scarab-engine\_vcproject\scarab engine\lib\debug\octree.asm
c:\_programming\_repositories\scarab-engine\_vcproject\scarab engine\lib\debug\implicitsurface.obj
c:\_programming\_repositories\scarab-engine\_vcproject\scarab engine\lib\debug\implicitsurface.asm
c:\_programming\_repositories\scarab-engine\_vcproject\scarab engine\lib\debug\parametricsurface.obj
c:\_programming\_repositories\scarab-engine\_vcproject\scarab engine\lib\debug\parametricsurface.asm
c:\_programming\_repositories\scarab-engine\_vcproject\scarab engine\lib\debug\bsplinesurface.obj
c:\_programming\_repositories\scarab-engine\_vcproject\scarab engine\lib\debug\bsplinesurface.asm
c:\_programming\_repositories\scarab-engine\_vcproject\scarab engine\lib\debug\nurbssurface.obj
c:\_programming\_repositories\scarab-engine\_vcproject\scarab engine\lib\debug\nurbssurface.asm
c:\_programming\_repositories\scarab-engine\_vcproject\scarab engine\lib\debug\quadricsurface.obj
c:\_programming\_repositories\scarab-engine\_vcproject\scarab engine\lib\debug\quadricsurface.asm
c:\_programming\_repositories\scarab-engine\_vcproject\scarab engine\lib\debug\hashing.obj
c:\_programming\_repositories\scarab-engine\_vcproject\scarab engine\lib\debug\hashing.asm
c:\_programming\_repositories\scarab-engine\_vcproject\scarab engine\lib\debug\md5.obj
c:\_programming\_repositories\scarab-engine\_vcproject\scarab engine\lib\debug\md5.asm
c:\_programming\_repositories\scarab-engine\_vcproject\scarab engine\lib\debug\sha1.obj
c:\_programming\_repositories\scarab-engine\_vcproject\scarab engine\lib\debug\sha1.asm
c:\_programming\_repositories\scarab-engine\_vcproject\scarab engine\lib\debug\random.obj
c:\_programming\_repositories\scarab-engine\_vcproject\scarab engine\lib\debug\random.asm
c:\_programming\_repositories\scarab-engine\_vcproject\scarab engine\lib\debug\color3.obj
c:\_programming\_repositories\scarab-engine\_vcproject\scarab engine\lib\debug\color3.asm
c:\_programming\_repositories\scarab-engine\_vcproject\scarab engine\lib\debug\color4.obj
c:\_programming\_repositories\scarab-engine\_vcproject\scarab engine\lib\debug\color4.asm
c:\_programming\_repositories\scarab-engine\_vcproject\scarab engine\lib\debug\complex.obj
c:\_programming\_repositories\scarab-engine\_vcproject\scarab engine\lib\debug\complex.asm
c:\_programming\_repositories\scarab-engine\_vcproject\scarab engine\lib\debug\box3.obj
c:\_programming\_repositories\scarab-engine\_vcproject\scarab engine\lib\debug\box3.asm
c:\_programming\_repositories\scarab-engine\_vcproject\scarab engine\lib\debug\offset2.obj
c:\_programming\_repositories\scarab-engine\_vcproject\scarab engine\lib\debug\offset2.asm
c:\_programming\_repositories\scarab-engine\_vcproject\scarab engine\lib\debug\offset3.obj
c:\_programming\_repositories\scarab-engine\_vcproject\scarab engine\lib\debug\offset3.asm
c:\_programming\_repositories\scarab-engine\_vcproject\scarab engine\lib\debug\point2.obj
c:\_programming\_repositories\scarab-engine\_vcproject\scarab engine\lib\debug\point2.asm
c:\_programming\_repositories\scarab-engine\_vcproject\scarab engine\lib\debug\meshmanifold2.obj
c:\_programming\_repositories\scarab-engine\_vcproject\scarab engine\lib\debug\meshmanifold2.asm
c:\_programming\_repositories\scarab-engine\_vcproject\scarab engine\lib\debug\meshmanifold3.obj
c:\_programming\_repositories\scarab-engine\_vcproject\scarab engine\lib\debug\meshmanifold3.asm
c:\_programming\_repositories\scarab-engine\_vcproject\scarab engine\lib\debug\convexpolygon2.obj
c:\_programming\_repositories\scarab-engine\_vcproject\scarab engine\lib\debug\convexpolygon2.asm
c:\_programming\_repositories\scarab-engine\_vcproject\scarab engine\lib\debug\line2.obj
c:\_programming\_repositories\scarab-engine\_vcproject\scarab engine\lib\debug\line2.asm
c:\_programming\_repositories\scarab-engine\_vcproject\scarab engine\lib\debug\ray2.obj
c:\_programming\_repositories\scarab-engine\_vcproject\scarab engine\lib\debug\ray2.asm
c:\_programming\_repositories\scarab-engine\_vcproject\scarab engine\lib\debug\segment2.obj
c:\_programming\_repositories\scarab-engine\_vcproject\scarab engine\lib\debug\segment2.asm
c:\_programming\_repositories\scarab-engine\_vcproject\scarab engine\lib\debug\box.obj
c:\_programming\_repositories\scarab-engine\_vcproject\scarab engine\lib\debug\box.asm
c:\_programming\_repositories\scarab-engine\_vcproject\scarab engine\lib\debug\cylinder.obj
c:\_programming\_repositories\scarab-engine\_vcproject\scarab engine\lib\debug\cylinder.asm
c:\_programming\_repositories\scarab-engine\_vcproject\scarab engine\lib\debug\line3.obj
c:\_programming\_repositories\scarab-engine\_vcproject\scarab engine\lib\debug\line3.asm
c:\_programming\_repositories\scarab-engine\_vcproject\scarab engine\lib\debug\ray3.obj
c:\_programming\_repositories\scarab-engine\_vcproject\scarab engine\lib\debug\ray3.asm
c:\_programming\_repositories\scarab-engine\_vcproject\scarab engine\lib\debug\segment3.obj
c:\_programming\_repositories\scarab-engine\_vcproject\scarab engine\lib\debug\segment3.asm
c:\_programming\_repositories\scarab-engine\_vcproject\scarab engine\lib\debug\circle3.obj
c:\_programming\_repositories\scarab-engine\_vcproject\scarab engine\lib\debug\circle3.asm
c:\_programming\_repositories\scarab-engine\_vcproject\scarab engine\lib\debug\convexpolygon3.obj
c:\_programming\_repositories\scarab-engine\_vcproject\scarab engine\lib\debug\convexpolygon3.asm
c:\_programming\_repositories\scarab-engine\_vcproject\scarab engine\lib\debug\plane.obj
c:\_programming\_repositories\scarab-engine\_vcproject\scarab engine\lib\debug\plane.asm
c:\_programming\_repositories\scarab-engine\_vcproject\scarab engine\lib\debug\quad3.obj
c:\_programming\_repositories\scarab-engine\_vcproject\scarab engine\lib\debug\quad3.asm
c:\_programming\_repositories\scarab-engine\_vcproject\scarab engine\lib\debug\triangle3.obj
c:\_programming\_repositories\scarab-engine\_vcproject\scarab engine\lib\debug\triangle3.asm
c:\_programming\_repositories\scarab-engine\_vcproject\scarab engine\lib\debug\sphere.obj
c:\_programming\_repositories\scarab-engine\_vcproject\scarab engine\lib\debug\sphere.asm
c:\_programming\_repositories\scarab-engine\_vcproject\scarab engine\lib\debug\tetrahedron.obj
c:\_programming\_repositories\scarab-engine\_vcproject\scarab engine\lib\debug\tetrahedron.asm
c:\_programming\_repositories\scarab-engine\_vcproject\scarab engine\lib\debug\torus.obj
c:\_programming\_repositories\scarab-engine\_vcproject\scarab engine\lib\debug\torus.asm
c:\_programming\_repositories\scarab-engine\_vcproject\scarab engine\lib\debug\truncatedcone.obj
c:\_programming\_repositories\scarab-engine\_vcproject\scarab engine\lib\debug\truncatedcone.asm
c:\_programming\_repositories\scarab-engine\_vcproject\scarab engine\lib\debug\intersector1.obj
c:\_programming\_repositories\scarab-engine\_vcproject\scarab engine\lib\debug\intersector1.asm
c:\_programming\_repositories\scarab-engine\_vcproject\scarab engine\lib\debug\intersector2.obj
c:\_programming\_repositories\scarab-engine\_vcproject\scarab engine\lib\debug\intersector2.asm
c:\_programming\_repositories\scarab-engine\_vcproject\scarab engine\lib\debug\intersector3.obj
c:\_programming\_repositories\scarab-engine\_vcproject\scarab engine\lib\debug\intersector3.asm
c:\_programming\_repositories\scarab-engine\_vcproject\scarab engine\lib\debug\meshedgemanifold2.obj
c:\_programming\_repositories\scarab-engine\_vcproject\scarab engine\lib\debug\meshedgemanifold2.asm
c:\_programming\_repositories\scarab-engine\_vcproject\scarab engine\lib\debug\meshedgemanifold3.obj
c:\_programming\_repositories\scarab-engine\_vcproject\scarab engine\lib\debug\meshedgemanifold3.asm
c:\_programming\_repositories\scarab-engine\_vcproject\scarab engine\lib\debug\meshedgemanifoldn.obj
c:\_programming\_repositories\scarab-engine\_vcproject\scarab engine\lib\debug\meshedgemanifoldn.asm
c:\_programming\_repositories\scarab-engine\_vcproject\scarab engine\lib\debug\meshpolygonmanifold3.obj
c:\_programming\_repositories\scarab-engine\_vcproject\scarab engine\lib\debug\meshpolygonmanifold3.asm
c:\_programming\_repositories\scarab-engine\_vcproject\scarab engine\lib\debug\meshpolygonmanifoldn.obj
c:\_programming\_repositories\scarab-engine\_vcproject\scarab engine\lib\debug\meshpolygonmanifoldn.asm
c:\_programming\_repositories\scarab-engine\_vcproject\scarab engine\lib\debug\meshquadmanifold3.obj
c:\_programming\_repositories\scarab-engine\_vcproject\scarab engine\lib\debug\meshquadmanifold3.asm
c:\_programming\_repositories\scarab-engine\_vcproject\scarab engine\lib\debug\meshquadmanifoldn.obj
c:\_programming\_repositories\scarab-engine\_vcproject\scarab engine\lib\debug\meshquadmanifoldn.asm
c:\_programming\_repositories\scarab-engine\_vcproject\scarab engine\lib\debug\meshtrianglemanifold3.obj
c:\_programming\_repositories\scarab-engine\_vcproject\scarab engine\lib\debug\meshtrianglemanifold3.asm
c:\_programming\_repositories\scarab-engine\_vcproject\scarab engine\lib\debug\meshtrianglemanifoldn.obj
c:\_programming\_repositories\scarab-engine\_vcproject\scarab engine\lib\debug\meshtrianglemanifoldn.asm
c:\_programming\_repositories\scarab-engine\_vcproject\scarab engine\lib\debug\meshfeature.obj
c:\_programming\_repositories\scarab-engine\_vcproject\scarab engine\lib\debug\meshfeature.asm
c:\_programming\_repositories\scarab-engine\_vcproject\scarab engine\lib\debug\meshfeaturedeclarations.obj
c:\_programming\_repositories\scarab-engine\_vcproject\scarab engine\lib\debug\meshfeaturedeclarations.asm
c:\_programming\_repositories\scarab-engine\_vcproject\scarab engine\lib\debug\meshfeaturekey.obj
c:\_programming\_repositories\scarab-engine\_vcproject\scarab engine\lib\debug\meshfeaturekey.asm
c:\_programming\_repositories\scarab-engine\_vcproject\scarab engine\lib\debug\meshvertexmanifold2.obj
c:\_programming\_repositories\scarab-engine\_vcproject\scarab engine\lib\debug\meshvertexmanifold2.asm
c:\_programming\_repositories\scarab-engine\_vcproject\scarab engine\lib\debug\meshvertexmanifoldn.obj
c:\_programming\_repositories\scarab-engine\_vcproject\scarab engine\lib\debug\meshvertexmanifoldn.asm
c:\_programming\_repositories\scarab-engine\_vcproject\scarab engine\lib\debug\meshdeformablegraph.obj
c:\_programming\_repositories\scarab-engine\_vcproject\scarab engine\lib\debug\meshdeformablegraph.asm
c:\_programming\_repositories\scarab-engine\_vcproject\scarab engine\lib\debug\meshvoronoigraph.obj
c:\_programming\_repositories\scarab-engine\_vcproject\scarab engine\lib\debug\meshvoronoigraph.asm
c:\_programming\_repositories\scarab-engine\_vcproject\scarab engine\lib\debug\meshgraph.obj
c:\_programming\_repositories\scarab-engine\_vcproject\scarab engine\lib\debug\meshgraph.asm
c:\_programming\_repositories\scarab-engine\_vcproject\scarab engine\lib\debug\curvepatch2.obj
c:\_programming\_repositories\scarab-engine\_vcproject\scarab engine\lib\debug\curvepatch2.asm
c:\_programming\_repositories\scarab-engine\_vcproject\scarab engine\lib\debug\curve3.obj
c:\_programming\_repositories\scarab-engine\_vcproject\scarab engine\lib\debug\curve3.asm
c:\_programming\_repositories\scarab-engine\_vcproject\scarab engine\lib\debug\curvechain3.obj
c:\_programming\_repositories\scarab-engine\_vcproject\scarab engine\lib\debug\curvechain3.asm
c:\_programming\_repositories\scarab-engine\_vcproject\scarab engine\lib\debug\bezierpatch3.obj
c:\_programming\_repositories\scarab-engine\_vcproject\scarab engine\lib\debug\bezierpatch3.asm
c:\_programming\_repositories\scarab-engine\_vcproject\scarab engine\lib\debug\bsplinepatch3.obj
c:\_programming\_repositories\scarab-engine\_vcproject\scarab engine\lib\debug\bsplinepatch3.asm
c:\_programming\_repositories\scarab-engine\_vcproject\scarab engine\lib\debug\cubicpolynomialpatch3.obj
c:\_programming\_repositories\scarab-engine\_vcproject\scarab engine\lib\debug\cubicpolynomialpatch3.asm
c:\_programming\_repositories\scarab-engine\_vcproject\scarab engine\lib\debug\naturalsplinechain3.obj
c:\_programming\_repositories\scarab-engine\_vcproject\scarab engine\lib\debug\naturalsplinechain3.asm
c:\_programming\_repositories\scarab-engine\_vcproject\scarab engine\lib\debug\nurbspatch3.obj
c:\_programming\_repositories\scarab-engine\_vcproject\scarab engine\lib\debug\nurbspatch3.asm
c:\_programming\_repositories\scarab-engine\_vcproject\scarab engine\lib\debug\polynomialpatch3.obj
c:\_programming\_repositories\scarab-engine\_vcproject\scarab engine\lib\debug\polynomialpatch3.asm
c:\_programming\_repositories\scarab-engine\_vcproject\scarab engine\lib\debug\tcbsplinechain3.obj
c:\_programming\_repositories\scarab-engine\_vcproject\scarab engine\lib\debug\tcbsplinechain3.asm
c:\_programming\_repositories\scarab-engine\_vcproject\scarab engine\lib\debug\curvepatch3.obj
c:\_programming\_repositories\scarab-engine\_vcproject\scarab engine\lib\debug\curvepatch3.asm
c:\_programming\_repositories\scarab-engine\_vcproject\scarab engine\lib\debug\intersectconvexpolygon2.obj
c:\_programming\_repositories\scarab-engine\_vcproject\scarab engine\lib\debug\intersectconvexpolygon2.asm
c:\_programming\_repositories\scarab-engine\_vcproject\scarab engine\lib\debug\intersectsegment2.obj
c:\_programming\_repositories\scarab-engine\_vcproject\scarab engine\lib\debug\intersectsegment2.asm
c:\_programming\_repositories\scarab-engine\_vcproject\scarab engine\lib\debug\intersectsegment3.obj
c:\_programming\_repositories\scarab-engine\_vcproject\scarab engine\lib\debug\intersectsegment3.asm
c:\_programming\_repositories\scarab-engine\_vcproject\scarab engine\lib\debug\intersectplaneline3.obj
c:\_programming\_repositories\scarab-engine\_vcproject\scarab engine\lib\debug\intersectplaneline3.asm
c:\_programming\_repositories\scarab-engine\_vcproject\scarab engine\lib\debug\intersectplaneray3.obj
c:\_programming\_repositories\scarab-engine\_vcproject\scarab engine\lib\debug\intersectplaneray3.asm
c:\_programming\_repositories\scarab-engine\_vcproject\scarab engine\lib\debug\intersectplanesegment3.obj
c:\_programming\_repositories\scarab-engine\_vcproject\scarab engine\lib\debug\intersectplanesegment3.asm
c:\_programming\_repositories\scarab-engine\_vcproject\scarab engine\lib\debug\intersecttriangle3line3.obj
c:\_programming\_repositories\scarab-engine\_vcproject\scarab engine\lib\debug\intersecttriangle3line3.asm
c:\_programming\_repositories\scarab-engine\_vcproject\scarab engine\lib\debug\intersecttriangle3ray3.obj
c:\_programming\_repositories\scarab-engine\_vcproject\scarab engine\lib\debug\intersecttriangle3ray3.asm
c:\_programming\_repositories\scarab-engine\_vcproject\scarab engine\lib\debug\intersecttriangle3segment3.obj
c:\_programming\_repositories\scarab-engine\_vcproject\scarab engine\lib\debug\intersecttriangle3segment3.asm
c:\_programming\_repositories\scarab-engine\_vcproject\scarab engine\lib\debug\singulardecompositionn.obj
c:\_programming\_repositories\scarab-engine\_vcproject\scarab engine\lib\debug\singulardecompositionn.asm
c:\_programming\_repositories\scarab-engine\_vcproject\scarab engine\lib\debug\constrainedquaternion.obj
c:\_programming\_repositories\scarab-engine\_vcproject\scarab engine\lib\debug\constrainedquaternion.asm
c:\_programming\_repositories\scarab-engine\_vcproject\scarab engine\lib\debug\unconstrainedquaternion.obj
c:\_programming\_repositories\scarab-engine\_vcproject\scarab engine\lib\debug\unconstrainedquaternion.asm
c:\_programming\_repositories\scarab-engine\_vcproject\scarab engine\lib\debug\bsplinebasis.obj
c:\_programming\_repositories\scarab-engine\_vcproject\scarab engine\lib\debug\bsplinebasis.asm
c:\_programming\_repositories\scarab-engine\_vcproject\scarab engine\lib\debug\integrator1.obj
c:\_programming\_repositories\scarab-engine\_vcproject\scarab engine\lib\debug\integrator1.asm
c:\_programming\_repositories\scarab-engine\_vcproject\scarab engine\lib\debug\odesolvern.obj
c:\_programming\_repositories\scarab-engine\_vcproject\scarab engine\lib\debug\odesolvern.asm
c:\_programming\_repositories\scarab-engine\_vcproject\scarab engine\lib\debug\interpolatorbilinear.obj
c:\_programming\_repositories\scarab-engine\_vcproject\scarab engine\lib\debug\interpolatorbilinear.asm
c:\_programming\_repositories\scarab-engine\_vcproject\scarab engine\lib\debug\interpolatorlinear.obj
c:\_programming\_repositories\scarab-engine\_vcproject\scarab engine\lib\debug\interpolatorlinear.asm
c:\_programming\_repositories\scarab-engine\_vcproject\scarab engine\lib\debug\polynomial1.obj
c:\_programming\_repositories\scarab-engine\_vcproject\scarab engine\lib\debug\polynomial1.asm
c:\_programming\_repositories\scarab-engine\_vcproject\scarab engine\lib\debug\transforms.obj
c:\_programming\_repositories\scarab-engine\_vcproject\scarab engine\lib\debug\transforms.asm
c:\_programming\_repositories\scarab-engine\_vcproject\scarab engine\lib\debug\fixed.obj
c:\_programming\_repositories\scarab-engine\_vcproject\scarab engine\lib\debug\fixed.asm
c:\_programming\_repositories\scarab-engine\_vcproject\scarab engine\lib\debug\scalar.obj
c:\_programming\_repositories\scarab-engine\_vcproject\scarab engine\lib\debug\scalar.asm
c:\_programming\_repositories\scarab-engine\_vcproject\scarab engine\lib\debug\mathfunction.obj
c:\_programming\_repositories\scarab-engine\_vcproject\scarab engine\lib\debug\mathfunction.asm
c:\_programming\_repositories\scarab-engine\_vcproject\scarab engine\lib\debug\boundingsurface.obj
c:\_programming\_repositories\scarab-engine\_vcproject\scarab engine\lib\debug\boundingsurface.asm
c:\_programming\_repositories\scarab-engine\_vcproject\scarab engine\lib\debug\boundingvolume.obj
c:\_programming\_repositories\scarab-engine\_vcproject\scarab engine\lib\debug\boundingvolume.asm
c:\_programming\_repositories\scarab-engine\_vcproject\scarab engine\lib\debug\bvaabox.obj
c:\_programming\_repositories\scarab-engine\_vcproject\scarab engine\lib\debug\bvaabox.asm
c:\_programming\_repositories\scarab-engine\_vcproject\scarab engine\lib\debug\bvsphere.obj
c:\_programming\_repositories\scarab-engine\_vcproject\scarab engine\lib\debug\bvsphere.asm
c:\_programming\_repositories\scarab-engine\_vcproject\scarab engine\lib\debug\curve2.obj
c:\_programming\_repositories\scarab-engine\_vcproject\scarab engine\lib\debug\curve2.asm
c:\_programming\_repositories\scarab-engine\_vcproject\scarab engine\lib\debug\curvechain2.obj
c:\_programming\_repositories\scarab-engine\_vcproject\scarab engine\lib\debug\curvechain2.asm
c:\_programming\_repositories\scarab-engine\_vcproject\scarab engine\lib\debug\bsplinepatch2.obj
c:\_programming\_repositories\scarab-engine\_vcproject\scarab engine\lib\debug\bsplinepatch2.asm
c:\_programming\_repositories\scarab-engine\_vcproject\scarab engine\lib\debug\cachemap.obj
c:\_programming\_repositories\scarab-engine\_vcproject\scarab engine\lib\debug\cachemap.asm
c:\_programming\_repositories\scarab-engine\_vcproject\scarab engine\lib\debug\datastruct.obj
c:\_programming\_repositories\scarab-engine\_vcproject\scarab engine\lib\debug\datastruct.asm
c:\_programming\_repositories\scarab-engine\_vcproject\scarab engine\lib\debug\errormanager.obj
c:\_programming\_repositories\scarab-engine\_vcproject\scarab engine\lib\debug\errormanager.asm
c:\_programming\_repositories\scarab-engine\_vcproject\scarab engine\lib\debug\lcpsolver.obj
c:\_programming\_repositories\scarab-engine\_vcproject\scarab engine\lib\debug\lcpsolver.asm
c:\_programming\_repositories\scarab-engine\_vcproject\scarab engine\lib\debug\bandedmatrix.obj
c:\_programming\_repositories\scarab-engine\_vcproject\scarab engine\lib\debug\bandedmatrix.asm
c:\_programming\_repositories\scarab-engine\_vcproject\scarab engine\lib\debug\linearsystem2.obj
c:\_programming\_repositories\scarab-engine\_vcproject\scarab engine\lib\debug\linearsystem2.asm
c:\_programming\_repositories\scarab-engine\_vcproject\scarab engine\lib\debug\linearsystem3.obj
c:\_programming\_repositories\scarab-engine\_vcproject\scarab engine\lib\debug\linearsystem3.asm
c:\_programming\_repositories\scarab-engine\_vcproject\scarab engine\lib\debug\linearsystemn.obj
c:\_programming\_repositories\scarab-engine\_vcproject\scarab engine\lib\debug\linearsystemn.asm
c:\_programming\_repositories\scarab-engine\_vcproject\scarab engine\lib\debug\eigendecomposition2.obj
c:\_programming\_repositories\scarab-engine\_vcproject\scarab engine\lib\debug\eigendecomposition2.asm
c:\_programming\_repositories\scarab-engine\_vcproject\scarab engine\lib\debug\eigendecomposition3.obj
c:\_programming\_repositories\scarab-engine\_vcproject\scarab engine\lib\debug\eigendecomposition3.asm
c:\_programming\_repositories\scarab-engine\_vcproject\scarab engine\lib\debug\eigendecompositionn.obj
c:\_programming\_repositories\scarab-engine\_vcproject\scarab engine\lib\debug\eigendecompositionn.asm
c:\_programming\_repositories\scarab-engine\_vcproject\scarab engine\lib\debug\eulerdecomposition.obj
c:\_programming\_repositories\scarab-engine\_vcproject\scarab engine\lib\debug\eulerdecomposition.asm
c:\_programming\_repositories\scarab-engine\_vcproject\scarab engine\lib\debug\qdudecomposition.obj
c:\_programming\_repositories\scarab-engine\_vcproject\scarab engine\lib\debug\qdudecomposition.asm
c:\_programming\_repositories\scarab-engine\_vcproject\scarab engine\lib\debug\singulardecomposition2.obj
c:\_programming\_repositories\scarab-engine\_vcproject\scarab engine\lib\debug\singulardecomposition2.asm
c:\_programming\_repositories\scarab-engine\_vcproject\scarab engine\lib\debug\singulardecomposition3.obj
c:\_programming\_repositories\scarab-engine\_vcproject\scarab engine\lib\debug\singulardecomposition3.asm
c:\_programming\_repositories\scarab-engine\_vcproject\scarab engine\debug\lib.lib
c:\_programming\_repositories\scarab-engine\_vcproject\scarab engine\lib\debug\lib.vcxprojresolveassemblyreference.cache
c:\_programming\_repositories\scarab-engine\_vcproject\scarab engine\debug\lib.pdb
c:\_programming\_repositories\scarab-engine\_vcproject\scarab engine\lib\debug\lib.tlog\cl.command.1.tlog
c:\_programming\_repositories\scarab-engine\_vcproject\scarab engine\lib\debug\lib.tlog\cl.read.1.tlog
c:\_programming\_repositories\scarab-engine\_vcproject\scarab engine\lib\debug\lib.tlog\cl.write.1.tlog
c:\_programming\_repositories\scarab-engine\_vcproject\scarab engine\lib\debug\lib.tlog\lib-link.read.1.tlog
c:\_programming\_repositories\scarab-engine\_vcproject\scarab engine\lib\debug\lib.tlog\lib-link.write.1.tlog
c:\_programming\_repositories\scarab-engine\_vcproject\scarab engine\lib\debug\lib.tlog\lib.command.1.tlog
