  UID.cpp
  IDAllocator.cpp
  PatternMatching.cpp
  SmartPointer.cpp
  UnionStruct.cpp
  Type.cpp
  Reflect.cpp
  Method.cpp
  Member.cpp
  Function.cpp
  Definitions.cpp
  Class.cpp
  Manager.cpp
  Object.cpp
  MemoryManager.cpp
  StackAllocator.cpp
  PoolAllocator.cpp
  MemoryAllocator.cpp
  HeapAllocator.cpp
  BreakAllocator.cpp
  Generating Code...
  Compiling...
  Vertex4.cpp
  Vertex3.cpp
  Vertex2.cpp
  VectorN.cpp
  Vector4.cpp
  Vector3.cpp
  Vector2.cpp
  Transform3.cpp
  Transform2.cpp
  TextureCoord4.cpp
  TextureCoord3.cpp
  TextureCoord2.cpp
  TextureCoord1.cpp
  Quaternion.cpp
  MatrixN.cpp
  Matrix4.cpp
  Matrix3.cpp
  Matrix2.cpp
  Rectangle2.cpp
  Point3.cpp
  Generating Code...
  Compiling...
  Point2.cpp
  Offset3.cpp
  Offset2.cpp
  Box3.cpp
  Complex.cpp
  Color4.cpp
  Color3.cpp
  Random.cpp
  SHA1.cpp
  MD5.cpp
  Hashing.cpp
  QuadricSurface.cpp
  NURBSSurface.cpp
  BSplineSurface.cpp
  ParametricSurface.cpp
  ImplicitSurface.cpp
  Octree.cpp
  KDTree.cpp
  GaussTree.cpp
  AABoxTree.cpp
  Generating Code...
  Compiling...
  TruncatedCone.cpp
  Torus.cpp
  Tetrahedron.cpp
  Sphere.cpp
  Triangle3.cpp
  Quad3.cpp
  Plane.cpp
  ConvexPolygon3.cpp
  Circle3.cpp
  Segment3.cpp
  Ray3.cpp
  Line3.cpp
  Cylinder.cpp
  Box.cpp
  Segment2.cpp
  Ray2.cpp
  Line2.cpp
  ConvexPolygon2.cpp
  MeshManifold3.cpp
  MeshManifold2.cpp
  Generating Code...
  Compiling...
  MeshGraph.cpp
  MeshVoronoiGraph.cpp
  MeshDeformableGraph.cpp
  MeshVertexManifoldN.cpp
  MeshVertexManifold2.cpp
  MeshFeatureKey.cpp
  MeshFeatureDeclarations.cpp
  MeshFeature.cpp
  MeshTriangleManifoldN.cpp
  MeshTriangleManifold3.cpp
  MeshQuadManifoldN.cpp
  MeshQuadManifold3.cpp
  MeshPolygonManifoldN.cpp
  MeshPolygonManifold3.cpp
  MeshEdgeManifoldN.cpp
  MeshEdgeManifold3.cpp
  MeshEdgeManifold2.cpp
  Intersector3.cpp
  Intersector2.cpp
  Intersector1.cpp
  Generating Code...
  Compiling...
  IntersectTriangle3Segment3.cpp
  IntersectTriangle3Ray3.cpp
  IntersectTriangle3Line3.cpp
  IntersectPlaneSegment3.cpp
  IntersectPlaneRay3.cpp
  IntersectPlaneLine3.cpp
  IntersectSegment3.cpp
  IntersectSegment2.cpp
  IntersectConvexPolygon2.cpp
  CurvePatch3.cpp
  TCBSplineChain3.cpp
  PolynomialPatch3.cpp
  NURBSPatch3.cpp
  NaturalSplineChain3.cpp
  CubicPolynomialPatch3.cpp
  BSplinePatch3.cpp
  BezierPatch3.cpp
  CurveChain3.cpp
  Curve3.cpp
  CurvePatch2.cpp
  Generating Code...
  Compiling...
  BSplinePatch2.cpp
  CurveChain2.cpp
  Curve2.cpp
  BVSphere.cpp
  BVAABox.cpp
  BoundingVolume.cpp
  BoundingSurface.cpp
  MathFunction.cpp
  Scalar.cpp
  Fixed.cpp
  Transforms.cpp
  Polynomial1.cpp
  InterpolatorLinear.cpp
  InterpolatorBilinear.cpp
  ODESolverN.cpp
  Integrator1.cpp
  BSplineBasis.cpp
  UnConstrainedQuaternion.cpp
  ConstrainedQuaternion.cpp
  SingularDecompositionN.cpp
  Generating Code...
  Compiling...
  SingularDecomposition3.cpp
  SingularDecomposition2.cpp
  QDUDecomposition.cpp
  EulerDecomposition.cpp
  EigenDecompositionN.cpp
  EigenDecomposition3.cpp
  EigenDecomposition2.cpp
  LinearSystemN.cpp
  LinearSystem3.cpp
  LinearSystem2.cpp
  BandedMatrix.cpp
  LCPSolver.cpp
  ErrorManager.cpp
  Datastruct.cpp
  CacheMap.cpp
  Generating Code...
MeshVoronoiGraph.obj : warning LNK4221: This object file does not define any previously undefined public symbols, so it will not be used by any link operation that consumes this library
MeshDeformableGraph.obj : warning LNK4221: This object file does not define any previously undefined public symbols, so it will not be used by any link operation that consumes this library
  Lib.vcxproj -> C:\_Programming\_Repositories\Scarab-Engine\_VCProject\Scarab Engine\Debug\Lib.lib
