Assertion failed :
 => Filename   : d:\programming\_projects\scarab engine\source\engine\physics\controllers\motion\ikjointcontroller.cpp
 => Line       : 133
 => Expression : pTarget == m_pChild->GetBody()

Assertion failed :
 => Filename   : d:\programming\_projects\scarab engine\source\engine\physics\controllers\motion\ikjointcontroller.cpp
 => Line       : 133
 => Expression : pTarget == m_pChild->GetBody()

Assertion failed :
 => Filename   : d:\programming\_projects\scarab engine\source\engine\physics\controllers\motion\ikjointcontroller.cpp
 => Line       : 133
 => Expression : pTarget == m_pChild->GetBody()

Assertion failed :
 => Filename   : d:\programming\_projects\scarab engine\source\engine\physics\controllers\motion\ikjointcontroller.cpp
 => Line       : 133
 => Expression : pTarget == m_pChild->GetBody()

Assertion failed :
 => Filename   : d:\programming\_projects\scarab engine\source\lib\math\geometry\intersection\2d\intersectconvexpolygon2.inl
 => Line       : 447
 => Expression : iSickleState != _SICKLE_INNER_B

Assertion failed :
 => Filename   : d:\programming\_projects\scarab engine\source\lib\math\geometry\intersection\2d\intersectconvexpolygon2.inl
 => Line       : 447
 => Expression : iSickleState != _SICKLE_INNER_B

Assertion failed :
 => Filename   : d:\programming\_projects\scarab engine\source\lib\math\geometry\intersection\2d\intersectconvexpolygon2.inl
 => Line       : 447
 => Expression : iSickleState != _SICKLE_INNER_B

Assertion failed :
 => Filename   : d:\programming\_projects\scarab engine\source\engine\physics\constraintsolver\jacobianconstraint.cpp
 => Line       : 60
 => Expression : fInvDiagJWJtAB > 0.0f

Assertion failed :
 => Filename   : d:\programming\_projects\scarab engine\source\engine\physics\constraintsolver\jacobianconstraint.cpp
 => Line       : 60
 => Expression : fInvDiagJWJtAB > 0.0f

Assertion failed :
 => Filename   : d:\programming\_projects\scarab engine\source\engine\physics\constraintsolver\jacobianconstraint.cpp
 => Line       : 60
 => Expression : fInvDiagJWJtAB > 0.0f

Assertion failed :
 => Filename   : d:\programming\_projects\scarab engine\source\engine\gui\guieventprocessor.cpp
 => Line       : 500
 => Expression : !( pDragNDrop->IsPrepared(iChannel) )

Assertion failed :
 => Filename   : d:\programming\_projects\scarab engine\source\engine\gui\tools\guidragndrop.cpp
 => Line       : 44
 => Expression : !(pDragData->bPrepared)

Assertion failed :
 => Filename   : d:\programming\_projects\scarab engine\source\engine\physics\constraintsolver\jacobianconstraint.cpp
 => Line       : 60
 => Expression : fInvDiagJWJtAB > 0.0f

Assertion failed :
 => Filename   : d:\programming\_projects\scarab engine\source\lib\object\patterns\manager.inl
 => Line       : 56
 => Expression : sm_pInstance != NULL

Assertion failed :
 => Filename   : d:\programming\_projects\scarab engine\source\lib\object\patterns\manager.inl
 => Line       : 56
 => Expression : sm_pInstance != NULL

Assertion failed :
 => Filename   : d:\programming\_projects\scarab engine\source\engine\rendering\resources\mesh.cpp
 => Line       : 819
 => Expression : iTriangle < GetTriangleCount()

Assertion failed :
 => Filename   : d:\programming\_projects\scarab engine\source\engine\rendering\resources\mesh.cpp
 => Line       : 819
 => Expression : iTriangle < GetTriangleCount()

Assertion failed :
 => Filename   : d:\programming\_projects\scarab engine\source\engine\rendering\resources\mesh.cpp
 => Line       : 819
 => Expression : iTriangle < GetTriangleCount()

Assertion failed :
 => Filename   : d:\programming\_projects\scarab engine\source\lib\memory\memorymanager.cpp
 => Line       : 57
 => Expression : pAllocated != NULL

Assertion failed :
 => Filename   : d:\programming\_projects\scarab engine\source\engine\rendering\resources\gputexture.cpp
 => Line       : 665
 => Expression : CanUpdate()

Assertion failed :
 => Filename   : d:\programming\_projects\scarab engine\source\engine\rendering\resources\gputexture.cpp
 => Line       : 533
 => Expression : !(IsBound())

Assertion failed :
 => Filename   : d:\programming\_projects\scarab engine\source\lib\memory\memorymanager.cpp
 => Line       : 358
 => Expression : pContext->arrAllocators[idAllocator].idAlloc == idAllocator

Assertion failed :
 => Filename   : d:\programming\_projects\scarab engine\source\lib\memory\memorymanager.inl
 => Line       : 215
 => Expression : pContext->arrAllocators[idAllocator].idAlloc == idAllocator

Assertion failed :
 => Filename   : d:\programming\_projects\scarab engine\source\engine\rendering\resources\gputexture.cpp
 => Line       : 77
 => Expression : IsBound()

Assertion failed :
 => Filename   : d:\programming\_projects\scarab engine\source\engine\rendering\resources\gpubuffer.cpp
 => Line       : 106
 => Expression : CanUpdate()

Assertion failed :
 => Filename   : d:\programming\_projects\scarab engine\source\engine\rendering\effects\effectinstance.inl
 => Line       : 46
 => Expression : iSampler < m_iSamplerCount

Assertion failed :
 => Filename   : d:\programming\_projects\scarab engine\source\engine\rendering\effects\effectinstance.inl
 => Line       : 115
 => Expression : iOutputBuffer < m_iOutputBufferCount

Assertion failed :
 => Filename   : d:\programming\_projects\scarab engine\source\engine\rendering\resources\gpubuffer.cpp
 => Line       : 106
 => Expression : CanUpdate()

Assertion failed :
 => Filename   : d:\programming\_projects\scarab engine\source\engine\resource\fileformats\bitmaps\bitmapbmp.cpp
 => Line       : 54
 => Expression : m_bmpFileHeader.OffBits == _BMP_HEADERS_SIZE

Assertion failed :
 => Filename   : d:\programming\_projects\scarab engine\source\entrypoint\simplerpg\main.cpp
 => Line       : 57
 => Expression : bOk

Assertion failed :
 => Filename   : d:\programming\_projects\scarab engine\source\entrypoint\simplerpg\main.cpp
 => Line       : 57
 => Expression : bOk

Assertion failed :
 => Filename   : d:\programming\_projects\scarab engine\source\entrypoint\simplerpg\main.cpp
 => Line       : 60
 => Expression : bOk

Assertion failed :
 => Filename   : d:\programming\_projects\scarab engine\source\entrypoint\simplerpg\main.cpp
 => Line       : 63
 => Expression : bOk

Assertion failed :
 => Filename   : d:\programming\_projects\scarab engine\source\entrypoint\simplerpg\main.cpp
 => Line       : 66
 => Expression : bOk

Assertion failed :
 => Filename   : d:\programming\_projects\scarab engine\source\engine\resource\fileformats\bitmaps\bitmapbmp.cpp
 => Line       : 54
 => Expression : m_bmpFileHeader.OffBits == _BMP_HEADERS_SIZE

Assertion failed :
 => Filename   : d:\programming\_projects\scarab engine\source\engine\resource\database\rdbpersistentstorage.cpp
 => Line       : 365
 => Expression : m_bValidFile

Assertion failed :
 => Filename   : d:\programming\_projects\scarab engine\source\lib\object\patterns\manager.inl
 => Line       : 56
 => Expression : sm_pInstance != NULL

Assertion failed :
 => Filename   : d:\programming\_projects\scarab engine\source\engine\gui\guieventprocessor.cpp
 => Line       : 539
 => Expression : pDragNDrop->IsPrepared(iChannel)

Assertion failed :
 => Filename   : d:\programming\_projects\scarab engine\source\engine\rendering\renderingmanager.cpp
 => Line       : 1709
 => Expression : pMesh->GetIL() == pEffectInstance->GetTechnique()->GetInputLayout(iPass)

Assertion failed :
 => Filename   : d:\programming\_projects\scarab engine\source\engine\rendering\effects\effectlibrary\lighting\effectlightmaterialtexture.cpp
 => Line       : 376
 => Expression : pTexture->IsBound()

Assertion failed :
 => Filename   : d:\programming\_projects\scarab engine\source\engine\physics\constraintsolver\jacobianconstraint.cpp
 => Line       : 60
 => Expression : fInvDiagJWJtAB > 0.0f

Assertion failed :
 => Filename   : d:\programming\_projects\scarab engine\source\engine\physics\constraintsolver\jacobianconstraint.cpp
 => Line       : 60
 => Expression : fInvDiagJWJtAB > 0.0f

Assertion failed :
 => Filename   : d:\programming\_projects\scarab engine\source\engine\gui\guieventprocessor.cpp
 => Line       : 500
 => Expression : !( pDragNDrop->IsPrepared(iChannel) )

Assertion failed :
 => Filename   : d:\programming\_projects\scarab engine\source\engine\gui\tools\guidragndrop.cpp
 => Line       : 44
 => Expression : !(pDragData->bPrepared)

Assertion failed :
 => Filename   : d:\programming\_projects\scarab engine\source\engine\gui\guieventprocessor.cpp
 => Line       : 500
 => Expression : !( pDragNDrop->IsPrepared(iChannel) )

Assertion failed :
 => Filename   : d:\programming\_projects\scarab engine\source\engine\gui\tools\guidragndrop.cpp
 => Line       : 44
 => Expression : !(pDragData->bPrepared)

Assertion failed :
 => Filename   : d:\programming\_projects\scarab engine\source\engine\gui\guieventprocessor.cpp
 => Line       : 500
 => Expression : !( pDragNDrop->IsPrepared(iChannel) )

Assertion failed :
 => Filename   : d:\programming\_projects\scarab engine\source\engine\gui\guieventprocessor.cpp
 => Line       : 539
 => Expression : pDragNDrop->IsPrepared(iChannel)

Assertion failed :
 => Filename   : d:\programming\_projects\scarab engine\source\engine\gui\tools\guidragndrop.cpp
 => Line       : 84
 => Expression : pDragData->bPrepared

Assertion failed :
 => Filename   : d:\programming\_projects\scarab engine\source\engine\physics\constraintsolver\jacobianconstraint.cpp
 => Line       : 60
 => Expression : fInvDiagJWJtAB > 0.0f

Assertion failed :
 => Filename   : d:\programming\_projects\scarab engine\source\engine\physics\constraintsolver\jacobianconstraint.cpp
 => Line       : 60
 => Expression : fInvDiagJWJtAB > 0.0f

Assertion failed :
 => Filename   : d:\programming\_projects\scarab engine\source\engine\physics\constraintsolver\jacobianconstraint.cpp
 => Line       : 60
 => Expression : fInvDiagJWJtAB > 0.0f

Assertion failed :
 => Filename   : d:\programming\_projects\scarab engine\source\engine\physics\constraintsolver\jacobianconstraint.cpp
 => Line       : 60
 => Expression : fInvDiagJWJtAB > 0.0f

Assertion failed :
 => Filename   : d:\programming\_projects\scarab engine\source\engine\physics\constraintsolver\jacobianconstraint.cpp
 => Line       : 60
 => Expression : fInvDiagJWJtAB > 0.0f

Assertion failed :
 => Filename   : d:\programming\_projects\scarab engine\source\engine\physics\constraintsolver\jacobianconstraint.cpp
 => Line       : 60
 => Expression : fInvDiagJWJtAB > 0.0f

Assertion failed :
 => Filename   : d:\programming\_projects\scarab engine\source\engine\physics\constraintsolver\jacobianconstraint.cpp
 => Line       : 60
 => Expression : fInvDiagJWJtAB > 0.0f

Assertion failed :
 => Filename   : d:\programming\_projects\scarab engine\source\engine\gui\guieventprocessor.cpp
 => Line       : 500
 => Expression : !( pDragNDrop->IsPrepared(iChannel) )

Assertion failed :
 => Filename   : d:\programming\_projects\scarab engine\source\engine\gui\tools\guidragndrop.cpp
 => Line       : 44
 => Expression : !(pDragData->bPrepared)

Assertion failed :
 => Filename   : d:\programming\_projects\scarab engine\source\engine\gui\guieventprocessor.cpp
 => Line       : 500
 => Expression : !( pDragNDrop->IsPrepared(iChannel) )

Assertion failed :
 => Filename   : d:\programming\_projects\scarab engine\source\engine\physics\constraintsolver\jacobianconstraint.cpp
 => Line       : 60
 => Expression : fInvDiagJWJtAB > 0.0f

Assertion failed :
 => Filename   : d:\programming\_projects\scarab engine\source\engine\physics\constraintsolver\jacobianconstraint.cpp
 => Line       : 60
 => Expression : fInvDiagJWJtAB > 0.0f

Assertion failed :
 => Filename   : d:\programming\_projects\scarab engine\source\engine\gui\guieventprocessor.cpp
 => Line       : 500
 => Expression : !( pDragNDrop->IsPrepared(iChannel) )

Assertion failed :
 => Filename   : d:\programming\_projects\scarab engine\source\engine\gui\guieventprocessor.cpp
 => Line       : 500
 => Expression : !( pDragNDrop->IsPrepared(iChannel) )

Assertion failed :
 => Filename   : d:\programming\_projects\scarab engine\source\engine\physics\constraintsolver\jacobianconstraint.cpp
 => Line       : 60
 => Expression : fInvDiagJWJtAB > 0.0f

Assertion failed :
 => Filename   : d:\programming\_projects\scarab engine\source\engine\physics\constraintsolver\jacobianconstraint.cpp
 => Line       : 60
 => Expression : fInvDiagJWJtAB > 0.0f

Assertion failed :
 => Filename   : d:\programming\_projects\scarab engine\source\engine\physics\constraintsolver\jacobianconstraint.cpp
 => Line       : 60
 => Expression : fInvDiagJWJtAB > 0.0f

Assertion failed :
 => Filename   : d:\programming\_projects\scarab engine\source\engine\gui\guieventprocessor.cpp
 => Line       : 500
 => Expression : !( pDragNDrop->IsPrepared(iChannel) )

Assertion failed :
 => Filename   : d:\programming\_projects\scarab engine\source\engine\gui\guieventprocessor.cpp
 => Line       : 500
 => Expression : !( pDragNDrop->IsPrepared(iChannel) )

Assertion failed :
 => Filename   : d:\programming\_projects\scarab engine\source\engine\gui\guieventprocessor.cpp
 => Line       : 539
 => Expression : pDragNDrop->IsPrepared(iChannel)

Assertion failed :
 => Filename   : d:\programming\_projects\scarab engine\source\engine\gui\guieventprocessor.cpp
 => Line       : 539
 => Expression : pDragNDrop->IsPrepared(iChannel)

Assertion failed :
 => Filename   : d:\programming\_projects\scarab engine\source\lib\memory\memorymanager.inl
 => Line       : 256
 => Expression : m_iSwitchingStackTop > 1

Assertion failed :
 => Filename   : d:\programming\_projects\scarab engine\source\engine\gui\guieventprocessor.cpp
 => Line       : 539
 => Expression : pDragNDrop->IsPrepared(iChannel)

Assertion failed :
 => Filename   : d:\programming\_projects\scarab engine\source\engine\gui\guimanager.cpp
 => Line       : 178
 => Expression : bInserted

Assertion failed :
 => Filename   : d:\programming\_projects\scarab engine\source\engine\gui\guimanager.cpp
 => Line       : 178
 => Expression : bInserted

Assertion failed :
 => Filename   : d:\programming\_projects\scarab engine\source\engine\gui\guimanager.cpp
 => Line       : 761
 => Expression : m_hWindowDepthMap.Contains(pWindow)

Assertion failed :
 => Filename   : d:\programming\_projects\scarab engine\source\lib\datastruct\array\array.inl
 => Line       : 113
 => Expression : i >= 0 && i < (Int)m_iNextFree

Assertion failed :
 => Filename   : d:\programming\_projects\scarab engine\source\engine\gui\widgets\extended\guitree.cpp
 => Line       : 198
 => Expression : iChild < m_arrChildren.Count()

Assertion failed :
 => Filename   : d:\programming\_projects\scarab engine\source\engine\gui\widgets\extended\guitree.cpp
 => Line       : 94
 => Expression : iNode < m_iNodeCount

Assertion failed :
 => Filename   : d:\programming\_projects\scarab engine\source\engine\gui\guieventprocessor.cpp
 => Line       : 539
 => Expression : pDragNDrop->IsPrepared(iChannel)

Assertion failed :
 => Filename   : d:\programming\_projects\scarab engine\source\engine\gui\guieventprocessor.cpp
 => Line       : 539
 => Expression : pDragNDrop->IsPrepared(iChannel)

Assertion failed :
 => Filename   : d:\programming\_projects\scarab engine\source\lib\math\analysis\functionbasis\bsplinebasis.inl
 => Line       : 134
 => Expression : i < m_iBasisPitch

Assertion failed :
 => Filename   : d:\programming\_projects\scarab engine\source\engine\gui\guieventprocessor.cpp
 => Line       : 539
 => Expression : pDragNDrop->IsPrepared(iChannel)

Assertion failed :
 => Filename   : d:\programming\_projects\scarab engine\source\engine\gui\guiwidget.cpp
 => Line       : 119
 => Expression : bInserted

Assertion failed :
 => Filename   : d:\programming\_projects\scarab engine\source\engine\gui\guiwidget.cpp
 => Line       : 119
 => Expression : bInserted

Assertion failed :
 => Filename   : d:\programming\_projects\scarab engine\source\engine\gui\guiwidget.cpp
 => Line       : 119
 => Expression : bInserted

Assertion failed :
 => Filename   : d:\programming\_projects\scarab engine\source\engine\gui\guieventprocessor.cpp
 => Line       : 539
 => Expression : pDragNDrop->IsPrepared(iChannel)

Assertion failed :
 => Filename   : d:\programming\_projects\scarab engine\source\engine\gui\guieventprocessor.cpp
 => Line       : 539
 => Expression : pDragNDrop->IsPrepared(iChannel)

Assertion failed :
 => Filename   : d:\programming\_projects\scarab engine\source\entrypoint\simplerpg\interface\interfacemanager.cpp
 => Line       : 207
 => Expression : bPicked

Assertion failed :
 => Filename   : d:\programming\_projects\scarab engine\source\engine\gui\guieventprocessor.cpp
 => Line       : 539
 => Expression : pDragNDrop->IsPrepared(iChannel)

Assertion failed :
 => Filename   : d:\programming\_projects\scarab engine\source\entrypoint\simplerpg\interface\interfacemanager.cpp
 => Line       : 207
 => Expression : bPicked

Assertion failed :
 => Filename   : d:\programming\_projects\scarab engine\source\entrypoint\simplerpg\main.cpp
 => Line       : 70
 => Expression : MathFn->Sqrt(fN) < fL && fL < fN

Assertion failed :
 => Filename   : d:\programming\_projects\scarab engine\source\entrypoint\simplerpg\main.cpp
 => Line       : 70
 => Expression : MathFn->Sqrt(fN) < fL && fL < fN

Assertion failed :
 => Filename   : d:\programming\_projects\scarab engine\source\entrypoint\simplerpg\main.cpp
 => Line       : 60
 => Expression : fM > (16.0f * MathFn->Ln(4.0f*fN/fError) / fSqrP)

Assertion failed :
 => Filename   : d:\programming\_projects\scarab engine\source\entrypoint\simplerpg\main.cpp
 => Line       : 61
 => Expression : fM < Min<Scalar>( MathFn->Sqrt(32.0f*fN*fError) / (fT * MathFn->Ln(fN)), 8.0f * (MathFn->Sqrt(fN) + 1.0f) * MathFn->Ln(4.0f*fN/fError) / fSqrP )

Assertion failed :
 => Filename   : d:\programming\_projects\scarab engine\source\entrypoint\simplerpg\main.cpp
 => Line       : 61
 => Expression : fM > fMin

Assertion failed :
 => Filename   : d:\programming\_projects\scarab engine\source\entrypoint\simplerpg\main.cpp
 => Line       : 63
 => Expression : ( fSqrP <= fBoundP && fDelta < 0.25f )

Assertion failed :
 => Filename   : d:\programming\_projects\scarab engine\source\entrypoint\simplerpg\main.cpp
 => Line       : 64
 => Expression : fDelta > 0.25f && fSqrP > fBoundP && fError > fBoundE

Assertion failed :
 => Filename   : d:\programming\_projects\scarab engine\source\entrypoint\simplerpg\main.cpp
 => Line       : 65
 => Expression : fDelta < 0.25f && fSqrP < fBoundP && fError < fBoundE

Assertion failed :
 => Filename   : d:\programming\_projects\scarab engine\source\entrypoint\simplerpg\main.cpp
 => Line       : 64
 => Expression : fDelta > 0.25f && fSqrP > fBoundP && fError > fBoundE

Assertion failed :
 => Filename   : d:\programming\_projects\scarab engine\source\entrypoint\simplerpg\main.cpp
 => Line       : 86
 => Expression : fV > fLowerBoundV

Assertion failed :
 => Filename   : d:\programming\_projects\scarab engine\source\entrypoint\simplerpg\main.cpp
 => Line       : 83
 => Expression : fV > (-fM * fSqrP)

Assertion failed :
 => Filename   : d:\programming\_projects\scarab engine\source\entrypoint\simplerpg\main.cpp
 => Line       : 93
 => Expression : fLowerBoundV < fV && fV < fUpperBoundV

Assertion failed :
 => Filename   : d:\programming\_projects\scarab engine\source\entrypoint\simplerpg\main.cpp
 => Line       : 84
 => Expression : fV > -fM * fSqrP

Assertion failed :
 => Filename   : d:\programming\_projects\scarab engine\source\entrypoint\simplerpg\main.cpp
 => Line       : 88
 => Expression : fLowerBoundV < fV && fV < fUpperBoundV

Assertion failed :
 => Filename   : d:\programming\_projects\scarab engine\source\entrypoint\simplerpg\main.cpp
 => Line       : 77
 => Expression : 1 < iK && iK < MathFn->Ln(fNT_Err) / MathFn->Ln(fDelta)

Assertion failed :
 => Filename   : d:\programming\_projects\scarab engine\source\entrypoint\simplerpg\main.cpp
 => Line       : 77
 => Expression : fLowerDelta < fMidDelta

Assertion failed :
 => Filename   : d:\programming\_projects\scarab engine\source\entrypoint\simplerpg\main.cpp
 => Line       : 85
 => Expression : iLowerBoundK < iK && iK < iUpperBoundK

Assertion failed :
 => Filename   : d:\programming\_projects\scarab engine\source\entrypoint\simplerpg\main.cpp
 => Line       : 95
 => Expression : fLowerBoundV < fV && fV < fUpperBoundV

Assertion failed :
 => Filename   : d:\programming\_projects\scarab engine\source\entrypoint\simplerpg\main.cpp
 => Line       : 99
 => Expression : fSqrtN < fL && fL < fN

Assertion failed :
 => Filename   : d:\programming\_projects\scarab engine\source\entrypoint\simplerpg\main.cpp
 => Line       : 85
 => Expression : fLowerBoundX < fSqrtDelta && fSqrtDelta < fUpperBoundX

Assertion failed :
 => Filename   : d:\programming\_projects\scarab engine\source\entrypoint\simplerpg\main.cpp
 => Line       : 85
 => Expression : fLowerBoundX < fSqrtDelta && fSqrtDelta < fUpperBoundX

Assertion failed :
 => Filename   : d:\programming\_projects\scarab engine\source\entrypoint\simplerpg\main.cpp
 => Line       : 85
 => Expression : fLowerBoundX < fSqrtDelta && fSqrtDelta < fUpperBoundX

Assertion failed :
 => Filename   : d:\programming\_projects\scarab engine\source\entrypoint\simplerpg\main.cpp
 => Line       : 96
 => Expression : iLowerBoundK < iK && iK < iUpperBoundK

Assertion failed :
 => Filename   : d:\programming\_projects\scarab engine\source\entrypoint\simplerpg\main.cpp
 => Line       : 106
 => Expression : fLowerBoundV < fV && fV < fUpperBoundV

Assertion failed :
 => Filename   : d:\programming\_projects\scarab engine\source\entrypoint\simplerpg\main.cpp
 => Line       : 110
 => Expression : fSqrtN < fL && fL < fN

Assertion failed :
 => Filename   : d:\programming\_projects\scarab engine\source\entrypoint\simplerpg\main.cpp
 => Line       : 89
 => Expression : fSqrtDelta < fLowerBoundX || fUpperBoundX < fSqrtDelta

Assertion failed :
 => Filename   : d:\programming\_projects\scarab engine\source\entrypoint\simplerpg\main.cpp
 => Line       : 85
 => Expression : fLowerBoundX < fSqrtDelta && fSqrtDelta < fUpperBoundX

Assertion failed :
 => Filename   : d:\programming\_projects\scarab engine\source\entrypoint\simplerpg\main.cpp
 => Line       : 85
 => Expression : fLowerBoundX < fSqrtDelta && fSqrtDelta < fUpperBoundX

Assertion failed :
 => Filename   : d:\programming\_projects\scarab engine\source\entrypoint\simplerpg\main.cpp
 => Line       : 96
 => Expression : iLowerBoundK < iK && iK < iUpperBoundK

Assertion failed :
 => Filename   : d:\programming\_projects\scarab engine\source\entrypoint\simplerpg\main.cpp
 => Line       : 106
 => Expression : fLowerBoundV < fV && fV < fUpperBoundV

Assertion failed :
 => Filename   : d:\programming\_projects\scarab engine\source\entrypoint\simplerpg\main.cpp
 => Line       : 110
 => Expression : fSqrtN < fL && fL < fN

Assertion failed :
 => Filename   : d:\programming\_projects\scarab engine\source\entrypoint\simplerpg\main.cpp
 => Line       : 96
 => Expression : iLowerBoundK < iK && iK < iUpperBoundK

Assertion failed :
 => Filename   : d:\programming\_projects\scarab engine\source\entrypoint\simplerpg\main.cpp
 => Line       : 106
 => Expression : fLowerBoundV < fV && fV < fUpperBoundV

Assertion failed :
 => Filename   : d:\programming\_projects\scarab engine\source\entrypoint\simplerpg\main.cpp
 => Line       : 110
 => Expression : fSqrtN < fL && fL < fN

Assertion failed :
 => Filename   : d:\programming\_projects\scarab engine\source\entrypoint\simplerpg\main.cpp
 => Line       : 85
 => Expression : fLowerBoundX < fSqrtDelta && fSqrtDelta < fUpperBoundX

Assertion failed :
 => Filename   : d:\programming\_projects\scarab engine\source\entrypoint\simplerpg\main.cpp
 => Line       : 85
 => Expression : fLowerBoundX < fSqrtDelta && fSqrtDelta < fUpperBoundX

Assertion failed :
 => Filename   : d:\programming\_projects\scarab engine\source\entrypoint\simplerpg\main.cpp
 => Line       : 85
 => Expression : fLowerBoundX < fSqrtDelta && fSqrtDelta < fUpperBoundX

Assertion failed :
 => Filename   : d:\programming\_projects\scarab engine\source\entrypoint\simplerpg\main.cpp
 => Line       : 97
 => Expression : fLowerBoundK < fK && fK < fUpperBoundK

Assertion failed :
 => Filename   : d:\programming\_projects\scarab engine\source\entrypoint\simplerpg\main.cpp
 => Line       : 107
 => Expression : fLowerBoundV < fV && fV < fUpperBoundV

Assertion failed :
 => Filename   : d:\programming\_projects\scarab engine\source\entrypoint\simplerpg\main.cpp
 => Line       : 111
 => Expression : fSqrtN < fL && fL < fN

Assertion failed :
 => Filename   : d:\programming\_projects\scarab engine\source\engine\physics\constraintsolver\jacobianconstraint.cpp
 => Line       : 60
 => Expression : fInvDiagJWJtAB > 0.0f

Assertion failed :
 => Filename   : d:\programming\_projects\scarab engine\source\engine\gui\guieventprocessor.cpp
 => Line       : 500
 => Expression : !( pDragNDrop->IsPrepared(iChannel) )

Assertion failed :
 => Filename   : d:\programming\_projects\scarab engine\source\engine\physics\constraintsolver\jacobianconstraint.cpp
 => Line       : 60
 => Expression : fInvDiagJWJtAB > 0.0f

Assertion failed :
 => Filename   : d:\programming\_projects\scarab engine\source\engine\physics\constraintsolver\jacobianconstraint.cpp
 => Line       : 60
 => Expression : fInvDiagJWJtAB > 0.0f

Assertion failed :
 => Filename   : d:\programming\_projects\scarab engine\source\engine\physics\constraintsolver\jacobianconstraint.cpp
 => Line       : 60
 => Expression : fInvDiagJWJtAB > 0.0f

Assertion failed :
 => Filename   : d:\programming\_projects\scarab engine\source\engine\physics\constraintsolver\jacobianconstraint.cpp
 => Line       : 60
 => Expression : fInvDiagJWJtAB > 0.0f

Assertion failed :
 => Filename   : d:\programming\_projects\scarab engine\source\engine\physics\constraintsolver\jacobianconstraint.cpp
 => Line       : 79
 => Expression : fInvDiagJWJtAB > 0.0f

Assertion failed :
 => Filename   : d:\programming\_projects\scarab engine\source\engine\physics\constraintsolver\jacobianconstraint.cpp
 => Line       : 79
 => Expression : fInvDiagJWJtAB > 0.0f

Assertion failed :
 => Filename   : d:\programming\_projects\scarab engine\source\engine\physics\constraintsolver\jacobianconstraint.cpp
 => Line       : 79
 => Expression : fInvDiagJWJtAB > 0.0f

Assertion failed :
 => Filename   : d:\programming\_projects\scarab engine\source\engine\physics\constraintsolver\jacobianconstraint.cpp
 => Line       : 60
 => Expression : fInvDiagJWJtAB > 0.0f

Assertion failed :
 => Filename   : d:\programming\_projects\scarab engine\source\engine\physics\constraintsolver\jacobianconstraint.cpp
 => Line       : 60
 => Expression : fInvDiagJWJtAB > 0.0f

Assertion failed :
 => Filename   : d:\programming\_projects\scarab engine\source\engine\physics\constraintsolver\jacobianconstraint.cpp
 => Line       : 60
 => Expression : fInvDiagJWJtAB > 0.0f

Assertion failed :
 => Filename   : d:\programming\_projects\scarab engine\source\lib\object\patterns\manager.inl
 => Line       : 56
 => Expression : sm_pInstance != NULL

Assertion failed :
 => Filename   : d:\programming\_projects\scarab engine\source\engine\physics\collisiondetection\narrowphase\contactmanifold.cpp
 => Line       : 150
 => Expression : m_iContactPointCount < CONTACT_MANIFOLD_MAX_POINTS

Assertion failed :
 => Filename   : d:\programming\_projects\scarab engine\source\engine\physics\collisiondetection\narrowphase\vclip\voronoiclip.cpp
 => Line       : 99
 => Expression : false

Assertion failed :
 => Filename   : d:\programming\_projects\scarab engine\source\engine\physics\constraintsolver\jacobianconstraint.cpp
 => Line       : 60
 => Expression : fInvDiagJWJtAB > 0.0f

Assertion failed :
 => Filename   : d:\programming\_projects\scarab engine\source\engine\physics\constraintsolver\jacobianconstraint.cpp
 => Line       : 60
 => Expression : fInvDiagJWJtAB > 0.0f

Assertion failed :
 => Filename   : d:\programming\_projects\scarab engine\source\engine\physics\constraintsolver\jacobianconstraint.cpp
 => Line       : 60
 => Expression : fInvDiagJWJtAB > 0.0f

Assertion failed :
 => Filename   : d:\programming\_projects\scarab engine\source\engine\physics\constraintsolver\jacobianconstraint.cpp
 => Line       : 60
 => Expression : fInvDiagJWJtAB > 0.0f

Assertion failed :
 => Filename   : d:\programming\_projects\scarab engine\source\engine\physics\constraintsolver\jacobianconstraint.cpp
 => Line       : 60
 => Expression : fInvDiagJWJtAB > 0.0f

Assertion failed :
 => Filename   : d:\programming\_projects\scarab engine\source\engine\physics\constraintsolver\jacobianconstraint.cpp
 => Line       : 60
 => Expression : fInvDiagJWJtAB > 0.0f

Assertion failed :
 => Filename   : d:\programming\_projects\scarab engine\source\engine\gui\guieventprocessor.cpp
 => Line       : 500
 => Expression : !( pDragNDrop->IsPrepared(iChannel) )

Assertion failed :
 => Filename   : d:\programming\_projects\scarab engine\source\engine\physics\collisiondetection\narrowphase\vclip\voronoiclip.cpp
 => Line       : 99
 => Expression : false

Assertion failed :
 => Filename   : d:\programming\_projects\scarab engine\source\engine\gui\guieventprocessor.cpp
 => Line       : 539
 => Expression : pDragNDrop->IsPrepared(iChannel)

Assertion failed :
 => Filename   : d:\programming\_projects\scarab engine\source\engine\gui\guieventprocessor.cpp
 => Line       : 539
 => Expression : pDragNDrop->IsPrepared(iChannel)

Assertion failed :
 => Filename   : d:\programming\_projects\scarab engine\source\engine\gui\guieventprocessor.cpp
 => Line       : 539
 => Expression : pDragNDrop->IsPrepared(iChannel)

Assertion failed :
 => Filename   : d:\programming\_projects\scarab engine\source\engine\gui\guieventprocessor.cpp
 => Line       : 539
 => Expression : pDragNDrop->IsPrepared(iChannel)

Assertion failed :
 => Filename   : d:\programming\_projects\scarab engine\source\engine\physics\joints\jointconstraint.inl
 => Line       : 69
 => Expression : m_bMotorEnabled && !m_bIsServoMotor

Assertion failed :
 => Filename   : d:\programming\_projects\scarab engine\source\engine\physics\islandsolver\islandsolver.cpp
 => Line       : 800
 => Expression : pEdge->GetColor() == iBlankColor

Assertion failed :
 => Filename   : d:\programming\_projects\scarab engine\source\engine\physics\constraintsolver\jacobianconstraint.cpp
 => Line       : 79
 => Expression : fInvDiagJWJtAB > 0.0f

Assertion failed :
 => Filename   : d:\programming\_projects\scarab engine\source\engine\physics\constraintsolver\jacobianconstraint.cpp
 => Line       : 79
 => Expression : fInvDiagJWJtAB > 0.0f

Assertion failed :
 => Filename   : d:\programming\_projects\scarab engine\source\engine\gui\guieventprocessor.cpp
 => Line       : 539
 => Expression : pDragNDrop->IsPrepared(iChannel)

Assertion failed :
 => Filename   : d:\programming\_projects\scarab engine\source\engine\physics\constraintsolver\jacobianconstraint.cpp
 => Line       : 79
 => Expression : fInvDiagJWJtAB > 0.0f

Assertion failed :
 => Filename   : d:\programming\_projects\scarab engine\source\engine\physics\collisiondetection\narrowphase\vclip\voronoiclip.cpp
 => Line       : 99
 => Expression : false

Assertion failed :
 => Filename   : d:\programming\_projects\scarab engine\source\engine\gui\guieventprocessor.cpp
 => Line       : 539
 => Expression : pDragNDrop->IsPrepared(iChannel)

Assertion failed :
 => Filename   : d:\programming\_projects\scarab engine\source\engine\physics\constraintsolver\jacobianconstraint.cpp
 => Line       : 79
 => Expression : fInvDiagJWJtAB > 0.0f

Assertion failed :
 => Filename   : d:\programming\_projects\scarab engine\source\engine\physics\collisiondetection\narrowphase\vclip\voronoiclip.cpp
 => Line       : 99
 => Expression : false

Assertion failed :
 => Filename   : d:\programming\_projects\scarab engine\source\engine\physics\collisiondetection\narrowphase\vclip\voronoiclip.cpp
 => Line       : 99
 => Expression : false

Assertion failed :
 => Filename   : d:\programming\_projects\scarab engine\source\engine\physics\collisiondetection\narrowphase\vclip\voronoiclip.cpp
 => Line       : 99
 => Expression : false

Assertion failed :
 => Filename   : d:\programming\_projects\scarab engine\source\engine\physics\collisiondetection\narrowphase\vclip\voronoiclip.cpp
 => Line       : 99
 => Expression : false

Assertion failed :
 => Filename   : d:\programming\_projects\scarab engine\source\engine\physics\collisiondetection\narrowphase\vclip\voronoiclip.cpp
 => Line       : 99
 => Expression : false

Assertion failed :
 => Filename   : d:\programming\_projects\scarab engine\source\engine\physics\collisiondetection\narrowphase\vclip\voronoiclip.cpp
 => Line       : 99
 => Expression : false

Assertion failed :
 => Filename   : d:\programming\_projects\scarab engine\source\engine\physics\constraintsolver\jacobianconstraint.cpp
 => Line       : 79
 => Expression : fInvDiagJWJtAB > 0.0f

Assertion failed :
 => Filename   : d:\programming\_projects\scarab engine\source\engine\physics\constraintsolver\jacobianconstraint.cpp
 => Line       : 79
 => Expression : fInvDiagJWJtAB > 0.0f

Assertion failed :
 => Filename   : d:\programming\_projects\scarab engine\source\engine\physics\constraintsolver\jacobianconstraint.cpp
 => Line       : 79
 => Expression : fInvDiagJWJtAB > 0.0f

Assertion failed :
 => Filename   : d:\programming\_projects\scarab engine\source\engine\physics\constraintsolver\jacobianconstraint.cpp
 => Line       : 79
 => Expression : fInvDiagJWJtAB > 0.0f

Assertion failed :
 => Filename   : d:\programming\_projects\scarab engine\source\engine\physics\constraintsolver\jacobianconstraint.cpp
 => Line       : 79
 => Expression : fInvDiagJWJtAB > 0.0f

Assertion failed :
 => Filename   : d:\programming\_projects\scarab engine\source\engine\physics\constraintsolver\jacobianconstraint.cpp
 => Line       : 79
 => Expression : fInvDiagJWJtAB > 0.0f

Assertion failed :
 => Filename   : d:\programming\_projects\scarab engine\source\engine\physics\constraintsolver\jacobianconstraint.cpp
 => Line       : 79
 => Expression : fInvDiagJWJtAB > 0.0f

Assertion failed :
 => Filename   : d:\programming\_projects\scarab engine\source\engine\physics\constraintsolver\jacobianconstraint.cpp
 => Line       : 79
 => Expression : fInvDiagJWJtAB > 0.0f

Assertion failed :
 => Filename   : d:\programming\_projects\scarab engine\source\engine\physics\constraintsolver\jacobianconstraint.cpp
 => Line       : 79
 => Expression : fInvDiagJWJtAB > 0.0f

Assertion failed :
 => Filename   : d:\programming\_projects\scarab engine\source\engine\physics\constraintsolver\jacobianconstraint.cpp
 => Line       : 79
 => Expression : fInvDiagJWJtAB > 0.0f

Assertion failed :
 => Filename   : d:\programming\_projects\scarab engine\source\engine\resource\database\rdbpersistentstorage.cpp
 => Line       : 365
 => Expression : m_bValidFile

Assertion failed :
 => Filename   : d:\programming\_projects\scarab engine\source\engine\resource\database\rdbpersistentstorage.cpp
 => Line       : 365
 => Expression : m_bValidFile

Assertion failed :
 => Filename   : d:\programming\_projects\scarab engine\source\lib\math\geometry\meshgraphs\features\meshfeature.inl
 => Line       : 92
 => Expression : false

Assertion failed :
 => Filename   : d:\programming\_projects\scarab engine\source\engine\gui\guieventprocessor.cpp
 => Line       : 539
 => Expression : pDragNDrop->IsPrepared(iChannel)

Assertion failed :
 => Filename   : d:\programming\_projects\scarab engine\source\engine\gui\guieventprocessor.cpp
 => Line       : 539
 => Expression : pDragNDrop->IsPrepared(iChannel)

Assertion failed :
 => Filename   : d:\programming\_projects\scarab engine\source\engine\physics\collisiondetection\narrowphase\contactmanifold.cpp
 => Line       : 150
 => Expression : m_iContactPointCount < CONTACT_MANIFOLD_MAX_POINTS

Assertion failed :
 => Filename   : d:\programming\_projects\scarab engine\source\engine\physics\collisiondetection\narrowphase\narrowphase.cpp
 => Line       : 274
 => Expression : pMostParallelFacet != NULL

Assertion failed :
 => Filename   : d:\programming\_projects\scarab engine\source\engine\physics\collisiondetection\narrowphase\narrowphase.cpp
 => Line       : 274
 => Expression : pMostParallelFacet != NULL

Assertion failed :
 => Filename   : d:\programming\_projects\scarab engine\source\engine\physics\collisiondetection\narrowphase\vclip\voronoiclip.cpp
 => Line       : 105
 => Expression : false

Assertion failed :
 => Filename   : d:\programming\_projects\scarab engine\source\engine\physics\collisiondetection\narrowphase\vclip\voronoiclip.cpp
 => Line       : 105
 => Expression : false

Assertion failed :
 => Filename   : d:\programming\_projects\scarab engine\source\engine\physics\collisiondetection\narrowphase\contactmanifold.cpp
 => Line       : 150
 => Expression : m_iContactPointCount < CONTACT_MANIFOLD_MAX_POINTS

Assertion failed :
 => Filename   : d:\programming\_projects\scarab engine\source\engine\physics\collisiondetection\narrowphase\vclip\voronoiclip.cpp
 => Line       : 105
 => Expression : false

Assertion failed :
 => Filename   : d:\programming\_projects\scarab engine\source\engine\physics\collisiondetection\narrowphase\vclip\voronoiclip.cpp
 => Line       : 105
 => Expression : false

Assertion failed :
 => Filename   : d:\programming\_projects\scarab engine\source\engine\physics\collisiondetection\narrowphase\vclip\voronoiclip.cpp
 => Line       : 105
 => Expression : false

Assertion failed :
 => Filename   : d:\programming\_projects\scarab engine\source\engine\physics\collisiondetection\narrowphase\vclip\voronoiclip.cpp
 => Line       : 105
 => Expression : false

Assertion failed :
 => Filename   : d:\programming\_projects\scarab engine\source\engine\physics\collisiondetection\narrowphase\vclip\voronoiclip.cpp
 => Line       : 105
 => Expression : false

Assertion failed :
 => Filename   : d:\programming\_projects\scarab engine\source\engine\physics\collisiondetection\narrowphase\vclip\voronoiclip.cpp
 => Line       : 105
 => Expression : false

Assertion failed :
 => Filename   : d:\programming\_projects\scarab engine\source\engine\physics\collisiondetection\narrowphase\vclip\voronoiclip.cpp
 => Line       : 105
 => Expression : false

Assertion failed :
 => Filename   : d:\programming\_projects\scarab engine\source\engine\physics\collisiondetection\narrowphase\vclip\voronoiclip.cpp
 => Line       : 105
 => Expression : false

Assertion failed :
 => Filename   : d:\programming\_projects\scarab engine\source\engine\physics\collisiondetection\narrowphase\vclip\voronoiclip.cpp
 => Line       : 104
 => Expression : false

Assertion failed :
 => Filename   : d:\programming\_projects\scarab engine\source\engine\resource\database\rdbpersistentstorage.cpp
 => Line       : 365
 => Expression : m_bValidFile

Assertion failed :
 => Filename   : d:\programming\_projects\scarab engine\source\engine\physics\collisiondetection\narrowphase\vclip\voronoiclip.cpp
 => Line       : 104
 => Expression : false

Assertion failed :
 => Filename   : d:\programming\_projects\scarab engine\source\engine\physics\collisiondetection\narrowphase\gjk\gjk.cpp
 => Line       : 92
 => Expression : false

Assertion failed :
 => Filename   : d:\programming\_projects\scarab engine\source\engine\resource\database\rdbpersistentstorage.cpp
 => Line       : 365
 => Expression : m_bValidFile

Assertion failed :
 => Filename   : d:\programming\_projects\scarab engine\source\engine\resource\database\rdbpersistentstorage.cpp
 => Line       : 365
 => Expression : m_bValidFile

Assertion failed :
 => Filename   : d:\programming\_projects\scarab engine\source\engine\resource\database\rdbpersistentstorage.cpp
 => Line       : 402
 => Expression : m_bValidFile

Assertion failed :
 => Filename   : d:\programming\_projects\scarab engine\source\engine\physics\constraintsolver\jacobianconstraint.cpp
 => Line       : 60
 => Expression : fInvDiagJWJtAB > 0.0f

Assertion failed :
 => Filename   : d:\programming\_projects\scarab engine\source\engine\physics\constraintsolver\jacobianconstraint.cpp
 => Line       : 60
 => Expression : fInvDiagJWJtAB > 0.0f

Assertion failed :
 => Filename   : d:\programming\_projects\scarab engine\source\engine\physics\constraintsolver\jacobianconstraint.cpp
 => Line       : 60
 => Expression : fInvDiagJWJtAB > 0.0f

Assertion failed :
 => Filename   : d:\programming\_projects\scarab engine\source\entrypoint\skyforgeatlas\skygraph.cpp
 => Line       : 854
 => Expression : pXMLAtlas != NULL

Assertion failed :
 => Filename   : d:\programming\_projects\scarab engine\source\entrypoint\skyforgeatlas\skygraph.cpp
 => Line       : 874
 => Expression : fX != 0.0f || fY != 0.0f

Assertion failed :
 => Filename   : d:\programming\_projects\scarab engine\source\entrypoint\skyforgeatlas\skygraph.cpp
 => Line       : 431
 => Expression : fX != 0.0f || fY != 0.0f

Assertion failed :
 => Filename   : d:\programming\_projects\scarab engine\source\entrypoint\skyforgeatlas\skygraph.cpp
 => Line       : 369
 => Expression : iDoorNode < m_iNodeCount

Assertion failed :
 => Filename   : d:\programming\_projects\scarab engine\source\entrypoint\skyforgeatlas\skygraph.cpp
 => Line       : 86
 => Expression : false

Assertion failed :
 => Filename   : d:\programming\_projects\scarab engine\source\engine\rendering\renderingmanager.cpp
 => Line       : 1619
 => Expression : pMesh->GetIL() == pEffectInstance->GetTechnique()->GetInputLayout(iPass)

Assertion failed :
 => Filename   : d:\programming\_projects\scarab engine\source\engine\rendering\renderingmanager.cpp
 => Line       : 1619
 => Expression : pMesh->GetIL() == pEffectInstance->GetTechnique()->GetInputLayout(iPass)

Assertion failed :
 => Filename   : d:\programming\_projects\scarab engine\source\engine\rendering\renderingmanager.cpp
 => Line       : 1619
 => Expression : pMesh->GetIL() == pEffectInstance->GetTechnique()->GetInputLayout(iPass)

Assertion failed :
 => Filename   : d:\programming\_projects\scarab engine\source\lib\memory\allocators\heapallocator.cpp
 => Line       : 158
 => Expression : _Chunk_IsAllocated(pHead)

Assertion failed :
 => Filename   : d:\programming\_projects\scarab engine\source\engine\world\worldmanager.inl
 => Line       : 42
 => Expression : pChild != NULL

Assertion failed :
 => Filename   : d:\programming\_projects\scarab engine\source\entrypoint\skyforgeatlas\main.cpp
 => Line       : 614
 => Expression : pNodeA != pNodeB

Assertion failed :
 => Filename   : d:\programming\_projects\scarab engine\source\entrypoint\skyforgeatlas\main.cpp
 => Line       : 613
 => Expression : pNodeA != pNodeB

Assertion failed :
 => Filename   : d:\programming\_projects\scarab engine\source\lib\datastruct\tree\redblacktree.inl
 => Line       : 110
 => Expression : m_pRoot != NULL

Assertion failed :
 => Filename   : d:\programming\_projects\scarab engine\source\engine\world\nodes\worldnode.cpp
 => Line       : 53
 => Expression : pNode->m_pParent == NULL

Assertion failed :
 => Filename   : d:\programming\_projects\scarab engine\source\engine\gui\guieventprocessor.cpp
 => Line       : 500
 => Expression : !( pDragNDrop->IsPrepared(iChannel) )

Assertion failed :
 => Filename   : d:\programming\_projects\scarab engine\source\engine\gui\guieventprocessor.cpp
 => Line       : 500
 => Expression : !( pDragNDrop->IsPrepared(iChannel) )

