c:\_programming\_repositories\scarab-engine\_vcproject\scarab engine\engine\debug\engine.pdb
c:\_programming\_repositories\scarab-engine\_vcproject\scarab engine\engine\debug\engine.idb
c:\_programming\_repositories\scarab-engine\_vcproject\scarab engine\engine\debug\worldlight.obj
c:\_programming\_repositories\scarab-engine\_vcproject\scarab engine\engine\debug\worldlight.asm
c:\_programming\_repositories\scarab-engine\_vcproject\scarab engine\engine\debug\worldswitchnode.obj
c:\_programming\_repositories\scarab-engine\_vcproject\scarab engine\engine\debug\worldswitchnode.asm
c:\_programming\_repositories\scarab-engine\_vcproject\scarab engine\engine\debug\effectplanarreflection.obj
c:\_programming\_repositories\scarab-engine\_vcproject\scarab engine\engine\debug\effectplanarreflection.asm
c:\_programming\_repositories\scarab-engine\_vcproject\scarab engine\engine\debug\effectplanarshadows.obj
c:\_programming\_repositories\scarab-engine\_vcproject\scarab engine\engine\debug\effectplanarshadows.asm
c:\_programming\_repositories\scarab-engine\_vcproject\scarab engine\engine\debug\globaleffect.obj
c:\_programming\_repositories\scarab-engine\_vcproject\scarab engine\engine\debug\globaleffect.asm
c:\_programming\_repositories\scarab-engine\_vcproject\scarab engine\engine\debug\worldconvexroom.obj
c:\_programming\_repositories\scarab-engine\_vcproject\scarab engine\engine\debug\worldconvexroom.asm
c:\_programming\_repositories\scarab-engine\_vcproject\scarab engine\engine\debug\worldindoorarea.obj
c:\_programming\_repositories\scarab-engine\_vcproject\scarab engine\engine\debug\worldindoorarea.asm
c:\_programming\_repositories\scarab-engine\_vcproject\scarab engine\engine\debug\worldportal.obj
c:\_programming\_repositories\scarab-engine\_vcproject\scarab engine\engine\debug\worldportal.asm
c:\_programming\_repositories\scarab-engine\_vcproject\scarab engine\engine\debug\worldportalculler.obj
c:\_programming\_repositories\scarab-engine\_vcproject\scarab engine\engine\debug\worldportalculler.asm
c:\_programming\_repositories\scarab-engine\_vcproject\scarab engine\engine\debug\worldbasenode.obj
c:\_programming\_repositories\scarab-engine\_vcproject\scarab engine\engine\debug\worldbasenode.asm
c:\_programming\_repositories\scarab-engine\_vcproject\scarab engine\engine\debug\worldleaf.obj
c:\_programming\_repositories\scarab-engine\_vcproject\scarab engine\engine\debug\worldleaf.asm
c:\_programming\_repositories\scarab-engine\_vcproject\scarab engine\engine\debug\worldnode.obj
c:\_programming\_repositories\scarab-engine\_vcproject\scarab engine\engine\debug\worldnode.asm
c:\_programming\_repositories\scarab-engine\_vcproject\scarab engine\engine\debug\worldoutdoor.obj
c:\_programming\_repositories\scarab-engine\_vcproject\scarab engine\engine\debug\worldoutdoor.asm
c:\_programming\_repositories\scarab-engine\_vcproject\scarab engine\engine\debug\worldoutdoorarea.obj
c:\_programming\_repositories\scarab-engine\_vcproject\scarab engine\engine\debug\worldoutdoorarea.asm
c:\_programming\_repositories\scarab-engine\_vcproject\scarab engine\engine\debug\worldcamera.obj
c:\_programming\_repositories\scarab-engine\_vcproject\scarab engine\engine\debug\worldcamera.asm
c:\_programming\_repositories\scarab-engine\_vcproject\scarab engine\engine\debug\worldcaster.obj
c:\_programming\_repositories\scarab-engine\_vcproject\scarab engine\engine\debug\worldcaster.asm
c:\_programming\_repositories\scarab-engine\_vcproject\scarab engine\engine\debug\worldculler.obj
c:\_programming\_repositories\scarab-engine\_vcproject\scarab engine\engine\debug\worldculler.asm
c:\_programming\_repositories\scarab-engine\_vcproject\scarab engine\engine\debug\worlddebugdraw.obj
c:\_programming\_repositories\scarab-engine\_vcproject\scarab engine\engine\debug\worlddebugdraw.asm
c:\_programming\_repositories\scarab-engine\_vcproject\scarab engine\engine\debug\worldmanager.obj
c:\_programming\_repositories\scarab-engine\_vcproject\scarab engine\engine\debug\worldmanager.asm
c:\_programming\_repositories\scarab-engine\_vcproject\scarab engine\engine\debug\worldpathfinder.obj
c:\_programming\_repositories\scarab-engine\_vcproject\scarab engine\engine\debug\worldpathfinder.asm
c:\_programming\_repositories\scarab-engine\_vcproject\scarab engine\engine\debug\light.obj
c:\_programming\_repositories\scarab-engine\_vcproject\scarab engine\engine\debug\light.asm
c:\_programming\_repositories\scarab-engine\_vcproject\scarab engine\engine\debug\material.obj
c:\_programming\_repositories\scarab-engine\_vcproject\scarab engine\engine\debug\material.asm
c:\_programming\_repositories\scarab-engine\_vcproject\scarab engine\engine\debug\mesh.obj
c:\_programming\_repositories\scarab-engine\_vcproject\scarab engine\engine\debug\mesh.asm
c:\_programming\_repositories\scarab-engine\_vcproject\scarab engine\engine\debug\rdbfilestructure.obj
c:\_programming\_repositories\scarab-engine\_vcproject\scarab engine\engine\debug\rdbfilestructure.asm
c:\_programming\_repositories\scarab-engine\_vcproject\scarab engine\engine\debug\rdbpersistentstorage.obj
c:\_programming\_repositories\scarab-engine\_vcproject\scarab engine\engine\debug\rdbpersistentstorage.asm
c:\_programming\_repositories\scarab-engine\_vcproject\scarab engine\engine\debug\rdbtreeoperator.obj
c:\_programming\_repositories\scarab-engine\_vcproject\scarab engine\engine\debug\rdbtreeoperator.asm
c:\_programming\_repositories\scarab-engine\_vcproject\scarab engine\engine\debug\resourcedb.obj
c:\_programming\_repositories\scarab-engine\_vcproject\scarab engine\engine\debug\resourcedb.asm
c:\_programming\_repositories\scarab-engine\_vcproject\scarab engine\engine\debug\bitmapbmap.obj
c:\_programming\_repositories\scarab-engine\_vcproject\scarab engine\engine\debug\bitmapbmap.asm
c:\_programming\_repositories\scarab-engine\_vcproject\scarab engine\engine\debug\bitmapbmp.obj
c:\_programming\_repositories\scarab-engine\_vcproject\scarab engine\engine\debug\bitmapbmp.asm
c:\_programming\_repositories\scarab-engine\_vcproject\scarab engine\engine\debug\bitmapfile.obj
c:\_programming\_repositories\scarab-engine\_vcproject\scarab engine\engine\debug\bitmapfile.asm
c:\_programming\_repositories\scarab-engine\_vcproject\scarab engine\engine\debug\meshfile.obj
c:\_programming\_repositories\scarab-engine\_vcproject\scarab engine\engine\debug\meshfile.asm
c:\_programming\_repositories\scarab-engine\_vcproject\scarab engine\engine\debug\meshmesh.obj
c:\_programming\_repositories\scarab-engine\_vcproject\scarab engine\engine\debug\meshmesh.asm
c:\_programming\_repositories\scarab-engine\_vcproject\scarab engine\engine\debug\texturebmp.obj
c:\_programming\_repositories\scarab-engine\_vcproject\scarab engine\engine\debug\texturebmp.asm
c:\_programming\_repositories\scarab-engine\_vcproject\scarab engine\engine\debug\texturefile.obj
c:\_programming\_repositories\scarab-engine\_vcproject\scarab engine\engine\debug\texturefile.asm
c:\_programming\_repositories\scarab-engine\_vcproject\scarab engine\engine\debug\texturetex.obj
c:\_programming\_repositories\scarab-engine\_vcproject\scarab engine\engine\debug\texturetex.asm
c:\_programming\_repositories\scarab-engine\_vcproject\scarab engine\engine\debug\resource.obj
c:\_programming\_repositories\scarab-engine\_vcproject\scarab engine\engine\debug\resource.asm
c:\_programming\_repositories\scarab-engine\_vcproject\scarab engine\engine\debug\resourcefile.obj
c:\_programming\_repositories\scarab-engine\_vcproject\scarab engine\engine\debug\resourcefile.asm
c:\_programming\_repositories\scarab-engine\_vcproject\scarab engine\engine\debug\resourcemanager.obj
c:\_programming\_repositories\scarab-engine\_vcproject\scarab engine\engine\debug\resourcemanager.asm
c:\_programming\_repositories\scarab-engine\_vcproject\scarab engine\engine\debug\xml.obj
c:\_programming\_repositories\scarab-engine\_vcproject\scarab engine\engine\debug\xml.asm
c:\_programming\_repositories\scarab-engine\_vcproject\scarab engine\engine\debug\worldbspnode.obj
c:\_programming\_repositories\scarab-engine\_vcproject\scarab engine\engine\debug\worldbspnode.asm
c:\_programming\_repositories\scarab-engine\_vcproject\scarab engine\engine\debug\effectcolor.obj
c:\_programming\_repositories\scarab-engine\_vcproject\scarab engine\engine\debug\effectcolor.asm
c:\_programming\_repositories\scarab-engine\_vcproject\scarab engine\engine\debug\effecttexture.obj
c:\_programming\_repositories\scarab-engine\_vcproject\scarab engine\engine\debug\effecttexture.asm
c:\_programming\_repositories\scarab-engine\_vcproject\scarab engine\engine\debug\effectdefault.obj
c:\_programming\_repositories\scarab-engine\_vcproject\scarab engine\engine\debug\effectdefault.asm
c:\_programming\_repositories\scarab-engine\_vcproject\scarab engine\engine\debug\effectlightmaterial.obj
c:\_programming\_repositories\scarab-engine\_vcproject\scarab engine\engine\debug\effectlightmaterial.asm
c:\_programming\_repositories\scarab-engine\_vcproject\scarab engine\engine\debug\effectlightmaterialtexture.obj
c:\_programming\_repositories\scarab-engine\_vcproject\scarab engine\engine\debug\effectlightmaterialtexture.asm
c:\_programming\_repositories\scarab-engine\_vcproject\scarab engine\engine\debug\effectmaterial.obj
c:\_programming\_repositories\scarab-engine\_vcproject\scarab engine\engine\debug\effectmaterial.asm
c:\_programming\_repositories\scarab-engine\_vcproject\scarab engine\engine\debug\effectmaterialtexture.obj
c:\_programming\_repositories\scarab-engine\_vcproject\scarab engine\engine\debug\effectmaterialtexture.asm
c:\_programming\_repositories\scarab-engine\_vcproject\scarab engine\engine\debug\effectpass.obj
c:\_programming\_repositories\scarab-engine\_vcproject\scarab engine\engine\debug\effectpass.asm
c:\_programming\_repositories\scarab-engine\_vcproject\scarab engine\engine\debug\effecttechnique.obj
c:\_programming\_repositories\scarab-engine\_vcproject\scarab engine\engine\debug\effecttechnique.asm
c:\_programming\_repositories\scarab-engine\_vcproject\scarab engine\engine\debug\renderingmanager.obj
c:\_programming\_repositories\scarab-engine\_vcproject\scarab engine\engine\debug\renderingmanager.asm
c:\_programming\_repositories\scarab-engine\_vcproject\scarab engine\engine\debug\camera.obj
c:\_programming\_repositories\scarab-engine\_vcproject\scarab engine\engine\debug\camera.asm
c:\_programming\_repositories\scarab-engine\_vcproject\scarab engine\engine\debug\gpuasynchronous.obj
c:\_programming\_repositories\scarab-engine\_vcproject\scarab engine\engine\debug\gpuasynchronous.asm
c:\_programming\_repositories\scarab-engine\_vcproject\scarab engine\engine\debug\gpubuffer.obj
c:\_programming\_repositories\scarab-engine\_vcproject\scarab engine\engine\debug\gpubuffer.asm
c:\_programming\_repositories\scarab-engine\_vcproject\scarab engine\engine\debug\gpudeferredcontext.obj
c:\_programming\_repositories\scarab-engine\_vcproject\scarab engine\engine\debug\gpudeferredcontext.asm
c:\_programming\_repositories\scarab-engine\_vcproject\scarab engine\engine\debug\gpuinputlayout.obj
c:\_programming\_repositories\scarab-engine\_vcproject\scarab engine\engine\debug\gpuinputlayout.asm
c:\_programming\_repositories\scarab-engine\_vcproject\scarab engine\engine\debug\gpurenderstate.obj
c:\_programming\_repositories\scarab-engine\_vcproject\scarab engine\engine\debug\gpurenderstate.asm
c:\_programming\_repositories\scarab-engine\_vcproject\scarab engine\engine\debug\gpuresource.obj
c:\_programming\_repositories\scarab-engine\_vcproject\scarab engine\engine\debug\gpuresource.asm
c:\_programming\_repositories\scarab-engine\_vcproject\scarab engine\engine\debug\gpuresourceview.obj
c:\_programming\_repositories\scarab-engine\_vcproject\scarab engine\engine\debug\gpuresourceview.asm
c:\_programming\_repositories\scarab-engine\_vcproject\scarab engine\engine\debug\gpushader.obj
c:\_programming\_repositories\scarab-engine\_vcproject\scarab engine\engine\debug\gpushader.asm
c:\_programming\_repositories\scarab-engine\_vcproject\scarab engine\engine\debug\gputexture.obj
c:\_programming\_repositories\scarab-engine\_vcproject\scarab engine\engine\debug\gputexture.asm
c:\_programming\_repositories\scarab-engine\_vcproject\scarab engine\engine\debug\shapedeformable.obj
c:\_programming\_repositories\scarab-engine\_vcproject\scarab engine\engine\debug\shapedeformable.asm
c:\_programming\_repositories\scarab-engine\_vcproject\scarab engine\engine\debug\shapeheightfield.obj
c:\_programming\_repositories\scarab-engine\_vcproject\scarab engine\engine\debug\shapeheightfield.asm
c:\_programming\_repositories\scarab-engine\_vcproject\scarab engine\engine\debug\shapeconvexmesh.obj
c:\_programming\_repositories\scarab-engine\_vcproject\scarab engine\engine\debug\shapeconvexmesh.asm
c:\_programming\_repositories\scarab-engine\_vcproject\scarab engine\engine\debug\shapebox.obj
c:\_programming\_repositories\scarab-engine\_vcproject\scarab engine\engine\debug\shapebox.asm
c:\_programming\_repositories\scarab-engine\_vcproject\scarab engine\engine\debug\shapesphere.obj
c:\_programming\_repositories\scarab-engine\_vcproject\scarab engine\engine\debug\shapesphere.asm
c:\_programming\_repositories\scarab-engine\_vcproject\scarab engine\engine\debug\shapetriangle.obj
c:\_programming\_repositories\scarab-engine\_vcproject\scarab engine\engine\debug\shapetriangle.asm
c:\_programming\_repositories\scarab-engine\_vcproject\scarab engine\engine\debug\shape.obj
c:\_programming\_repositories\scarab-engine\_vcproject\scarab engine\engine\debug\shape.asm
c:\_programming\_repositories\scarab-engine\_vcproject\scarab engine\engine\debug\transformedshape.obj
c:\_programming\_repositories\scarab-engine\_vcproject\scarab engine\engine\debug\transformedshape.asm
c:\_programming\_repositories\scarab-engine\_vcproject\scarab engine\engine\debug\gpu2dcontext.obj
c:\_programming\_repositories\scarab-engine\_vcproject\scarab engine\engine\debug\gpu2dcontext.asm
c:\_programming\_repositories\scarab-engine\_vcproject\scarab engine\engine\debug\gpu2dbitmap.obj
c:\_programming\_repositories\scarab-engine\_vcproject\scarab engine\engine\debug\gpu2dbitmap.asm
c:\_programming\_repositories\scarab-engine\_vcproject\scarab engine\engine\debug\gpu2dbrush.obj
c:\_programming\_repositories\scarab-engine\_vcproject\scarab engine\engine\debug\gpu2dbrush.asm
c:\_programming\_repositories\scarab-engine\_vcproject\scarab engine\engine\debug\gpu2dgeometry.obj
c:\_programming\_repositories\scarab-engine\_vcproject\scarab engine\engine\debug\gpu2dgeometry.asm
c:\_programming\_repositories\scarab-engine\_vcproject\scarab engine\engine\debug\gpu2dlayer.obj
c:\_programming\_repositories\scarab-engine\_vcproject\scarab engine\engine\debug\gpu2dlayer.asm
c:\_programming\_repositories\scarab-engine\_vcproject\scarab engine\engine\debug\gpu2dmesh.obj
c:\_programming\_repositories\scarab-engine\_vcproject\scarab engine\engine\debug\gpu2dmesh.asm
c:\_programming\_repositories\scarab-engine\_vcproject\scarab engine\engine\debug\gpu2drenderstate.obj
c:\_programming\_repositories\scarab-engine\_vcproject\scarab engine\engine\debug\gpu2drenderstate.asm
c:\_programming\_repositories\scarab-engine\_vcproject\scarab engine\engine\debug\gpu2dstrokestyle.obj
c:\_programming\_repositories\scarab-engine\_vcproject\scarab engine\engine\debug\gpu2dstrokestyle.asm
c:\_programming\_repositories\scarab-engine\_vcproject\scarab engine\engine\debug\gpu2dtext.obj
c:\_programming\_repositories\scarab-engine\_vcproject\scarab engine\engine\debug\gpu2dtext.asm
c:\_programming\_repositories\scarab-engine\_vcproject\scarab engine\engine\debug\devicerenderer.obj
c:\_programming\_repositories\scarab-engine\_vcproject\scarab engine\engine\debug\devicerenderer.asm
c:\_programming\_repositories\scarab-engine\_vcproject\scarab engine\engine\debug\effect.obj
c:\_programming\_repositories\scarab-engine\_vcproject\scarab engine\engine\debug\effect.asm
c:\_programming\_repositories\scarab-engine\_vcproject\scarab engine\engine\debug\effectinstance.obj
c:\_programming\_repositories\scarab-engine\_vcproject\scarab engine\engine\debug\effectinstance.asm
c:\_programming\_repositories\scarab-engine\_vcproject\scarab engine\engine\debug\morphcontroller.obj
c:\_programming\_repositories\scarab-engine\_vcproject\scarab engine\engine\debug\morphcontroller.asm
c:\_programming\_repositories\scarab-engine\_vcproject\scarab engine\engine\debug\contactedge.obj
c:\_programming\_repositories\scarab-engine\_vcproject\scarab engine\engine\debug\contactedge.asm
c:\_programming\_repositories\scarab-engine\_vcproject\scarab engine\engine\debug\jointedge.obj
c:\_programming\_repositories\scarab-engine\_vcproject\scarab engine\engine\debug\jointedge.asm
c:\_programming\_repositories\scarab-engine\_vcproject\scarab engine\engine\debug\island.obj
c:\_programming\_repositories\scarab-engine\_vcproject\scarab engine\engine\debug\island.asm
c:\_programming\_repositories\scarab-engine\_vcproject\scarab engine\engine\debug\islandedge.obj
c:\_programming\_repositories\scarab-engine\_vcproject\scarab engine\engine\debug\islandedge.asm
c:\_programming\_repositories\scarab-engine\_vcproject\scarab engine\engine\debug\islandnode.obj
c:\_programming\_repositories\scarab-engine\_vcproject\scarab engine\engine\debug\islandnode.asm
c:\_programming\_repositories\scarab-engine\_vcproject\scarab engine\engine\debug\islandsolver.obj
c:\_programming\_repositories\scarab-engine\_vcproject\scarab engine\engine\debug\islandsolver.asm
c:\_programming\_repositories\scarab-engine\_vcproject\scarab engine\engine\debug\bodynode.obj
c:\_programming\_repositories\scarab-engine\_vcproject\scarab engine\engine\debug\bodynode.asm
c:\_programming\_repositories\scarab-engine\_vcproject\scarab engine\engine\debug\jointanchor.obj
c:\_programming\_repositories\scarab-engine\_vcproject\scarab engine\engine\debug\jointanchor.asm
c:\_programming\_repositories\scarab-engine\_vcproject\scarab engine\engine\debug\jointconetwist.obj
c:\_programming\_repositories\scarab-engine\_vcproject\scarab engine\engine\debug\jointconetwist.asm
c:\_programming\_repositories\scarab-engine\_vcproject\scarab engine\engine\debug\jointconstraint.obj
c:\_programming\_repositories\scarab-engine\_vcproject\scarab engine\engine\debug\jointconstraint.asm
c:\_programming\_repositories\scarab-engine\_vcproject\scarab engine\engine\debug\jointfixed.obj
c:\_programming\_repositories\scarab-engine\_vcproject\scarab engine\engine\debug\jointfixed.asm
c:\_programming\_repositories\scarab-engine\_vcproject\scarab engine\engine\debug\jointgear.obj
c:\_programming\_repositories\scarab-engine\_vcproject\scarab engine\engine\debug\jointgear.asm
c:\_programming\_repositories\scarab-engine\_vcproject\scarab engine\engine\debug\jointgeneric6dof.obj
c:\_programming\_repositories\scarab-engine\_vcproject\scarab engine\engine\debug\jointgeneric6dof.asm
c:\_programming\_repositories\scarab-engine\_vcproject\scarab engine\engine\debug\jointhinge.obj
c:\_programming\_repositories\scarab-engine\_vcproject\scarab engine\engine\debug\jointhinge.asm
c:\_programming\_repositories\scarab-engine\_vcproject\scarab engine\engine\debug\jointslider.obj
c:\_programming\_repositories\scarab-engine\_vcproject\scarab engine\engine\debug\jointslider.asm
c:\_programming\_repositories\scarab-engine\_vcproject\scarab engine\engine\debug\jointuniversal.obj
c:\_programming\_repositories\scarab-engine\_vcproject\scarab engine\engine\debug\jointuniversal.asm
c:\_programming\_repositories\scarab-engine\_vcproject\scarab engine\engine\debug\jointwheel.obj
c:\_programming\_repositories\scarab-engine\_vcproject\scarab engine\engine\debug\jointwheel.asm
c:\_programming\_repositories\scarab-engine\_vcproject\scarab engine\engine\debug\physicsmanager.obj
c:\_programming\_repositories\scarab-engine\_vcproject\scarab engine\engine\debug\physicsmanager.asm
c:\_programming\_repositories\scarab-engine\_vcproject\scarab engine\engine\debug\shapeconcavemesh.obj
c:\_programming\_repositories\scarab-engine\_vcproject\scarab engine\engine\debug\shapeconcavemesh.asm
c:\_programming\_repositories\scarab-engine\_vcproject\scarab engine\engine\debug\sphereboxcollision.obj
c:\_programming\_repositories\scarab-engine\_vcproject\scarab engine\engine\debug\sphereboxcollision.asm
c:\_programming\_repositories\scarab-engine\_vcproject\scarab engine\engine\debug\spherespherecollision.obj
c:\_programming\_repositories\scarab-engine\_vcproject\scarab engine\engine\debug\spherespherecollision.asm
c:\_programming\_repositories\scarab-engine\_vcproject\scarab engine\engine\debug\triangleboxcollision.obj
c:\_programming\_repositories\scarab-engine\_vcproject\scarab engine\engine\debug\triangleboxcollision.asm
c:\_programming\_repositories\scarab-engine\_vcproject\scarab engine\engine\debug\trianglespherecollision.obj
c:\_programming\_repositories\scarab-engine\_vcproject\scarab engine\engine\debug\trianglespherecollision.asm
c:\_programming\_repositories\scarab-engine\_vcproject\scarab engine\engine\debug\triangletrianglecollision.obj
c:\_programming\_repositories\scarab-engine\_vcproject\scarab engine\engine\debug\triangletrianglecollision.asm
c:\_programming\_repositories\scarab-engine\_vcproject\scarab engine\engine\debug\sat.obj
c:\_programming\_repositories\scarab-engine\_vcproject\scarab engine\engine\debug\sat.asm
c:\_programming\_repositories\scarab-engine\_vcproject\scarab engine\engine\debug\singlesidevclip.obj
c:\_programming\_repositories\scarab-engine\_vcproject\scarab engine\engine\debug\singlesidevclip.asm
c:\_programming\_repositories\scarab-engine\_vcproject\scarab engine\engine\debug\voronoiclip.obj
c:\_programming\_repositories\scarab-engine\_vcproject\scarab engine\engine\debug\voronoiclip.asm
c:\_programming\_repositories\scarab-engine\_vcproject\scarab engine\engine\debug\constraintsolver.obj
c:\_programming\_repositories\scarab-engine\_vcproject\scarab engine\engine\debug\constraintsolver.asm
c:\_programming\_repositories\scarab-engine\_vcproject\scarab engine\engine\debug\jacobianconstraint.obj
c:\_programming\_repositories\scarab-engine\_vcproject\scarab engine\engine\debug\jacobianconstraint.asm
c:\_programming\_repositories\scarab-engine\_vcproject\scarab engine\engine\debug\softconstraintsolver.obj
c:\_programming\_repositories\scarab-engine\_vcproject\scarab engine\engine\debug\softconstraintsolver.asm
c:\_programming\_repositories\scarab-engine\_vcproject\scarab engine\engine\debug\kinematiccontroller.obj
c:\_programming\_repositories\scarab-engine\_vcproject\scarab engine\engine\debug\kinematiccontroller.asm
c:\_programming\_repositories\scarab-engine\_vcproject\scarab engine\engine\debug\blendcontroller.obj
c:\_programming\_repositories\scarab-engine\_vcproject\scarab engine\engine\debug\blendcontroller.asm
c:\_programming\_repositories\scarab-engine\_vcproject\scarab engine\engine\debug\charactercontroller.obj
c:\_programming\_repositories\scarab-engine\_vcproject\scarab engine\engine\debug\charactercontroller.asm
c:\_programming\_repositories\scarab-engine\_vcproject\scarab engine\engine\debug\ikjointcontroller.obj
c:\_programming\_repositories\scarab-engine\_vcproject\scarab engine\engine\debug\ikjointcontroller.asm
c:\_programming\_repositories\scarab-engine\_vcproject\scarab engine\engine\debug\keyframecontroller.obj
c:\_programming\_repositories\scarab-engine\_vcproject\scarab engine\engine\debug\keyframecontroller.asm
c:\_programming\_repositories\scarab-engine\_vcproject\scarab engine\engine\debug\manualcontroller.obj
c:\_programming\_repositories\scarab-engine\_vcproject\scarab engine\engine\debug\manualcontroller.asm
c:\_programming\_repositories\scarab-engine\_vcproject\scarab engine\engine\debug\particlecontroller.obj
c:\_programming\_repositories\scarab-engine\_vcproject\scarab engine\engine\debug\particlecontroller.asm
c:\_programming\_repositories\scarab-engine\_vcproject\scarab engine\engine\debug\pathcontroller.obj
c:\_programming\_repositories\scarab-engine\_vcproject\scarab engine\engine\debug\pathcontroller.asm
c:\_programming\_repositories\scarab-engine\_vcproject\scarab engine\engine\debug\bonecontroller.obj
c:\_programming\_repositories\scarab-engine\_vcproject\scarab engine\engine\debug\bonecontroller.asm
c:\_programming\_repositories\scarab-engine\_vcproject\scarab engine\engine\debug\systembody.obj
c:\_programming\_repositories\scarab-engine\_vcproject\scarab engine\engine\debug\systembody.asm
c:\_programming\_repositories\scarab-engine\_vcproject\scarab engine\engine\debug\particlesystem.obj
c:\_programming\_repositories\scarab-engine\_vcproject\scarab engine\engine\debug\particlesystem.asm
c:\_programming\_repositories\scarab-engine\_vcproject\scarab engine\engine\debug\ragdoll.obj
c:\_programming\_repositories\scarab-engine\_vcproject\scarab engine\engine\debug\ragdoll.asm
c:\_programming\_repositories\scarab-engine\_vcproject\scarab engine\engine\debug\skeleton.obj
c:\_programming\_repositories\scarab-engine\_vcproject\scarab engine\engine\debug\skeleton.asm
c:\_programming\_repositories\scarab-engine\_vcproject\scarab engine\engine\debug\broadphase.obj
c:\_programming\_repositories\scarab-engine\_vcproject\scarab engine\engine\debug\broadphase.asm
c:\_programming\_repositories\scarab-engine\_vcproject\scarab engine\engine\debug\pairlistener.obj
c:\_programming\_repositories\scarab-engine\_vcproject\scarab engine\engine\debug\pairlistener.asm
c:\_programming\_repositories\scarab-engine\_vcproject\scarab engine\engine\debug\pairmanager.obj
c:\_programming\_repositories\scarab-engine\_vcproject\scarab engine\engine\debug\pairmanager.asm
c:\_programming\_repositories\scarab-engine\_vcproject\scarab engine\engine\debug\sweepandprune.obj
c:\_programming\_repositories\scarab-engine\_vcproject\scarab engine\engine\debug\sweepandprune.asm
c:\_programming\_repositories\scarab-engine\_vcproject\scarab engine\engine\debug\concaveboxcollision.obj
c:\_programming\_repositories\scarab-engine\_vcproject\scarab engine\engine\debug\concaveboxcollision.asm
c:\_programming\_repositories\scarab-engine\_vcproject\scarab engine\engine\debug\concaveconcavecollision.obj
c:\_programming\_repositories\scarab-engine\_vcproject\scarab engine\engine\debug\concaveconcavecollision.asm
c:\_programming\_repositories\scarab-engine\_vcproject\scarab engine\engine\debug\concaveconvexcollision.obj
c:\_programming\_repositories\scarab-engine\_vcproject\scarab engine\engine\debug\concaveconvexcollision.asm
c:\_programming\_repositories\scarab-engine\_vcproject\scarab engine\engine\debug\concavespherecollision.obj
c:\_programming\_repositories\scarab-engine\_vcproject\scarab engine\engine\debug\concavespherecollision.asm
c:\_programming\_repositories\scarab-engine\_vcproject\scarab engine\engine\debug\contactmanifold.obj
c:\_programming\_repositories\scarab-engine\_vcproject\scarab engine\engine\debug\contactmanifold.asm
c:\_programming\_repositories\scarab-engine\_vcproject\scarab engine\engine\debug\convexboxcollision.obj
c:\_programming\_repositories\scarab-engine\_vcproject\scarab engine\engine\debug\convexboxcollision.asm
c:\_programming\_repositories\scarab-engine\_vcproject\scarab engine\engine\debug\convexconvexcollision.obj
c:\_programming\_repositories\scarab-engine\_vcproject\scarab engine\engine\debug\convexconvexcollision.asm
c:\_programming\_repositories\scarab-engine\_vcproject\scarab engine\engine\debug\convexspherecollision.obj
c:\_programming\_repositories\scarab-engine\_vcproject\scarab engine\engine\debug\convexspherecollision.asm
c:\_programming\_repositories\scarab-engine\_vcproject\scarab engine\engine\debug\convextrianglecollision.obj
c:\_programming\_repositories\scarab-engine\_vcproject\scarab engine\engine\debug\convextrianglecollision.asm
c:\_programming\_repositories\scarab-engine\_vcproject\scarab engine\engine\debug\gjk.obj
c:\_programming\_repositories\scarab-engine\_vcproject\scarab engine\engine\debug\gjk.asm
c:\_programming\_repositories\scarab-engine\_vcproject\scarab engine\engine\debug\narrowphase.obj
c:\_programming\_repositories\scarab-engine\_vcproject\scarab engine\engine\debug\narrowphase.asm
c:\_programming\_repositories\scarab-engine\_vcproject\scarab engine\engine\debug\boxboxcollision.obj
c:\_programming\_repositories\scarab-engine\_vcproject\scarab engine\engine\debug\boxboxcollision.asm
c:\_programming\_repositories\scarab-engine\_vcproject\scarab engine\engine\debug\meshsegment.obj
c:\_programming\_repositories\scarab-engine\_vcproject\scarab engine\engine\debug\meshsegment.asm
c:\_programming\_repositories\scarab-engine\_vcproject\scarab engine\engine\debug\meshbox.obj
c:\_programming\_repositories\scarab-engine\_vcproject\scarab engine\engine\debug\meshbox.asm
c:\_programming\_repositories\scarab-engine\_vcproject\scarab engine\engine\debug\meshcylinder.obj
c:\_programming\_repositories\scarab-engine\_vcproject\scarab engine\engine\debug\meshcylinder.asm
c:\_programming\_repositories\scarab-engine\_vcproject\scarab engine\engine\debug\meshsphere.obj
c:\_programming\_repositories\scarab-engine\_vcproject\scarab engine\engine\debug\meshsphere.asm
c:\_programming\_repositories\scarab-engine\_vcproject\scarab engine\engine\debug\meshtetrahedron.obj
c:\_programming\_repositories\scarab-engine\_vcproject\scarab engine\engine\debug\meshtetrahedron.asm
c:\_programming\_repositories\scarab-engine\_vcproject\scarab engine\engine\debug\meshtorus.obj
c:\_programming\_repositories\scarab-engine\_vcproject\scarab engine\engine\debug\meshtorus.asm
c:\_programming\_repositories\scarab-engine\_vcproject\scarab engine\engine\debug\meshtruncatedcone.obj
c:\_programming\_repositories\scarab-engine\_vcproject\scarab engine\engine\debug\meshtruncatedcone.asm
c:\_programming\_repositories\scarab-engine\_vcproject\scarab engine\engine\debug\meshdisk.obj
c:\_programming\_repositories\scarab-engine\_vcproject\scarab engine\engine\debug\meshdisk.asm
c:\_programming\_repositories\scarab-engine\_vcproject\scarab engine\engine\debug\meshgridplane.obj
c:\_programming\_repositories\scarab-engine\_vcproject\scarab engine\engine\debug\meshgridplane.asm
c:\_programming\_repositories\scarab-engine\_vcproject\scarab engine\engine\debug\meshpolygon.obj
c:\_programming\_repositories\scarab-engine\_vcproject\scarab engine\engine\debug\meshpolygon.asm
c:\_programming\_repositories\scarab-engine\_vcproject\scarab engine\engine\debug\meshquad.obj
c:\_programming\_repositories\scarab-engine\_vcproject\scarab engine\engine\debug\meshquad.asm
c:\_programming\_repositories\scarab-engine\_vcproject\scarab engine\engine\debug\meshtriangle.obj
c:\_programming\_repositories\scarab-engine\_vcproject\scarab engine\engine\debug\meshtriangle.asm
c:\_programming\_repositories\scarab-engine\_vcproject\scarab engine\engine\debug\meshheightfield.obj
c:\_programming\_repositories\scarab-engine\_vcproject\scarab engine\engine\debug\meshheightfield.asm
c:\_programming\_repositories\scarab-engine\_vcproject\scarab engine\engine\debug\meshsurface.obj
c:\_programming\_repositories\scarab-engine\_vcproject\scarab engine\engine\debug\meshsurface.asm
c:\_programming\_repositories\scarab-engine\_vcproject\scarab engine\engine\debug\revolutionsurfacemesh.obj
c:\_programming\_repositories\scarab-engine\_vcproject\scarab engine\engine\debug\revolutionsurfacemesh.asm
c:\_programming\_repositories\scarab-engine\_vcproject\scarab engine\engine\debug\tubesurfacemesh.obj
c:\_programming\_repositories\scarab-engine\_vcproject\scarab engine\engine\debug\tubesurfacemesh.asm
c:\_programming\_repositories\scarab-engine\_vcproject\scarab engine\engine\debug\patchmanager.obj
c:\_programming\_repositories\scarab-engine\_vcproject\scarab engine\engine\debug\patchmanager.asm
c:\_programming\_repositories\scarab-engine\_vcproject\scarab engine\engine\debug\kinematicbody.obj
c:\_programming\_repositories\scarab-engine\_vcproject\scarab engine\engine\debug\kinematicbody.asm
c:\_programming\_repositories\scarab-engine\_vcproject\scarab engine\engine\debug\rigidbody.obj
c:\_programming\_repositories\scarab-engine\_vcproject\scarab engine\engine\debug\rigidbody.asm
c:\_programming\_repositories\scarab-engine\_vcproject\scarab engine\engine\debug\softbody.obj
c:\_programming\_repositories\scarab-engine\_vcproject\scarab engine\engine\debug\softbody.asm
c:\_programming\_repositories\scarab-engine\_vcproject\scarab engine\engine\debug\guiskin.obj
c:\_programming\_repositories\scarab-engine\_vcproject\scarab engine\engine\debug\guiskin.asm
c:\_programming\_repositories\scarab-engine\_vcproject\scarab engine\engine\debug\guitimerevents.obj
c:\_programming\_repositories\scarab-engine\_vcproject\scarab engine\engine\debug\guitimerevents.asm
c:\_programming\_repositories\scarab-engine\_vcproject\scarab engine\engine\debug\guibutton.obj
c:\_programming\_repositories\scarab-engine\_vcproject\scarab engine\engine\debug\guibutton.asm
c:\_programming\_repositories\scarab-engine\_vcproject\scarab engine\engine\debug\guicheckbox.obj
c:\_programming\_repositories\scarab-engine\_vcproject\scarab engine\engine\debug\guicheckbox.asm
c:\_programming\_repositories\scarab-engine\_vcproject\scarab engine\engine\debug\guicombolist.obj
c:\_programming\_repositories\scarab-engine\_vcproject\scarab engine\engine\debug\guicombolist.asm
c:\_programming\_repositories\scarab-engine\_vcproject\scarab engine\engine\debug\guicontainer.obj
c:\_programming\_repositories\scarab-engine\_vcproject\scarab engine\engine\debug\guicontainer.asm
c:\_programming\_repositories\scarab-engine\_vcproject\scarab engine\engine\debug\guilabel.obj
c:\_programming\_repositories\scarab-engine\_vcproject\scarab engine\engine\debug\guilabel.asm
c:\_programming\_repositories\scarab-engine\_vcproject\scarab engine\engine\debug\guiradiobutton.obj
c:\_programming\_repositories\scarab-engine\_vcproject\scarab engine\engine\debug\guiradiobutton.asm
c:\_programming\_repositories\scarab-engine\_vcproject\scarab engine\engine\debug\guisection.obj
c:\_programming\_repositories\scarab-engine\_vcproject\scarab engine\engine\debug\guisection.asm
c:\_programming\_repositories\scarab-engine\_vcproject\scarab engine\engine\debug\guitextinput.obj
c:\_programming\_repositories\scarab-engine\_vcproject\scarab engine\engine\debug\guitextinput.asm
c:\_programming\_repositories\scarab-engine\_vcproject\scarab engine\engine\debug\guilist.obj
c:\_programming\_repositories\scarab-engine\_vcproject\scarab engine\engine\debug\guilist.asm
c:\_programming\_repositories\scarab-engine\_vcproject\scarab engine\engine\debug\guiswitchtabs.obj
c:\_programming\_repositories\scarab-engine\_vcproject\scarab engine\engine\debug\guiswitchtabs.asm
c:\_programming\_repositories\scarab-engine\_vcproject\scarab engine\engine\debug\guitextlog.obj
c:\_programming\_repositories\scarab-engine\_vcproject\scarab engine\engine\debug\guitextlog.asm
c:\_programming\_repositories\scarab-engine\_vcproject\scarab engine\engine\debug\guitree.obj
c:\_programming\_repositories\scarab-engine\_vcproject\scarab engine\engine\debug\guitree.asm
c:\_programming\_repositories\scarab-engine\_vcproject\scarab engine\engine\debug\guiborders.obj
c:\_programming\_repositories\scarab-engine\_vcproject\scarab engine\engine\debug\guiborders.asm
c:\_programming\_repositories\scarab-engine\_vcproject\scarab engine\engine\debug\guititlebar.obj
c:\_programming\_repositories\scarab-engine\_vcproject\scarab engine\engine\debug\guititlebar.asm
c:\_programming\_repositories\scarab-engine\_vcproject\scarab engine\engine\debug\inputmanager.obj
c:\_programming\_repositories\scarab-engine\_vcproject\scarab engine\engine\debug\inputmanager.asm
c:\_programming\_repositories\scarab-engine\_vcproject\scarab engine\engine\debug\meshcurve.obj
c:\_programming\_repositories\scarab-engine\_vcproject\scarab engine\engine\debug\meshcurve.asm
c:\_programming\_repositories\scarab-engine\_vcproject\scarab engine\engine\debug\worlddlodnode.obj
c:\_programming\_repositories\scarab-engine\_vcproject\scarab engine\engine\debug\worlddlodnode.asm
c:\_programming\_repositories\scarab-engine\_vcproject\scarab engine\engine\debug\modelingmanager.obj
c:\_programming\_repositories\scarab-engine\_vcproject\scarab engine\engine\debug\modelingmanager.asm
c:\_programming\_repositories\scarab-engine\_vcproject\scarab engine\engine\debug\commandopen.obj
c:\_programming\_repositories\scarab-engine\_vcproject\scarab engine\engine\debug\commandopen.asm
c:\_programming\_repositories\scarab-engine\_vcproject\scarab engine\engine\debug\commandrdb.obj
c:\_programming\_repositories\scarab-engine\_vcproject\scarab engine\engine\debug\commandrdb.asm
c:\_programming\_repositories\scarab-engine\_vcproject\scarab engine\engine\debug\commandread.obj
c:\_programming\_repositories\scarab-engine\_vcproject\scarab engine\engine\debug\commandread.asm
c:\_programming\_repositories\scarab-engine\_vcproject\scarab engine\engine\debug\commandrename.obj
c:\_programming\_repositories\scarab-engine\_vcproject\scarab engine\engine\debug\commandrename.asm
c:\_programming\_repositories\scarab-engine\_vcproject\scarab engine\engine\debug\commandsave.obj
c:\_programming\_repositories\scarab-engine\_vcproject\scarab engine\engine\debug\commandsave.asm
c:\_programming\_repositories\scarab-engine\_vcproject\scarab engine\engine\debug\commandseek.obj
c:\_programming\_repositories\scarab-engine\_vcproject\scarab engine\engine\debug\commandseek.asm
c:\_programming\_repositories\scarab-engine\_vcproject\scarab engine\engine\debug\commandwrite.obj
c:\_programming\_repositories\scarab-engine\_vcproject\scarab engine\engine\debug\commandwrite.asm
c:\_programming\_repositories\scarab-engine\_vcproject\scarab engine\engine\debug\guibackboard.obj
c:\_programming\_repositories\scarab-engine\_vcproject\scarab engine\engine\debug\guibackboard.asm
c:\_programming\_repositories\scarab-engine\_vcproject\scarab engine\engine\debug\guieventprocessor.obj
c:\_programming\_repositories\scarab-engine\_vcproject\scarab engine\engine\debug\guieventprocessor.asm
c:\_programming\_repositories\scarab-engine\_vcproject\scarab engine\engine\debug\guimanager.obj
c:\_programming\_repositories\scarab-engine\_vcproject\scarab engine\engine\debug\guimanager.asm
c:\_programming\_repositories\scarab-engine\_vcproject\scarab engine\engine\debug\guioverlay.obj
c:\_programming\_repositories\scarab-engine\_vcproject\scarab engine\engine\debug\guioverlay.asm
c:\_programming\_repositories\scarab-engine\_vcproject\scarab engine\engine\debug\guiwidget.obj
c:\_programming\_repositories\scarab-engine\_vcproject\scarab engine\engine\debug\guiwidget.asm
c:\_programming\_repositories\scarab-engine\_vcproject\scarab engine\engine\debug\guiwindow.obj
c:\_programming\_repositories\scarab-engine\_vcproject\scarab engine\engine\debug\guiwindow.asm
c:\_programming\_repositories\scarab-engine\_vcproject\scarab engine\engine\debug\guimenu.obj
c:\_programming\_repositories\scarab-engine\_vcproject\scarab engine\engine\debug\guimenu.asm
c:\_programming\_repositories\scarab-engine\_vcproject\scarab engine\engine\debug\guidragndrop.obj
c:\_programming\_repositories\scarab-engine\_vcproject\scarab engine\engine\debug\guidragndrop.asm
c:\_programming\_repositories\scarab-engine\_vcproject\scarab engine\engine\debug\guievent.obj
c:\_programming\_repositories\scarab-engine\_vcproject\scarab engine\engine\debug\guievent.asm
c:\_programming\_repositories\scarab-engine\_vcproject\scarab engine\engine\debug\guilayout.obj
c:\_programming\_repositories\scarab-engine\_vcproject\scarab engine\engine\debug\guilayout.asm
c:\_programming\_repositories\scarab-engine\_vcproject\scarab engine\engine\debug\guimenuloop.obj
c:\_programming\_repositories\scarab-engine\_vcproject\scarab engine\engine\debug\guimenuloop.asm
c:\_programming\_repositories\scarab-engine\_vcproject\scarab engine\engine\debug\guimessagebox.obj
c:\_programming\_repositories\scarab-engine\_vcproject\scarab engine\engine\debug\guimessagebox.asm
c:\_programming\_repositories\scarab-engine\_vcproject\scarab engine\engine\debug\guimoveresize.obj
c:\_programming\_repositories\scarab-engine\_vcproject\scarab engine\engine\debug\guimoveresize.asm
c:\_programming\_repositories\scarab-engine\_vcproject\scarab engine\engine\debug\commandlookup.obj
c:\_programming\_repositories\scarab-engine\_vcproject\scarab engine\engine\debug\commandlookup.asm
c:\_programming\_repositories\scarab-engine\_vcproject\scarab engine\engine\debug\commandrun.obj
c:\_programming\_repositories\scarab-engine\_vcproject\scarab engine\engine\debug\commandrun.asm
c:\_programming\_repositories\scarab-engine\_vcproject\scarab engine\engine\debug\commandvar.obj
c:\_programming\_repositories\scarab-engine\_vcproject\scarab engine\engine\debug\commandvar.asm
c:\_programming\_repositories\scarab-engine\_vcproject\scarab engine\engine\debug\commandvardel.obj
c:\_programming\_repositories\scarab-engine\_vcproject\scarab engine\engine\debug\commandvardel.asm
c:\_programming\_repositories\scarab-engine\_vcproject\scarab engine\engine\debug\commandvarnew.obj
c:\_programming\_repositories\scarab-engine\_vcproject\scarab engine\engine\debug\commandvarnew.asm
c:\_programming\_repositories\scarab-engine\_vcproject\scarab engine\engine\debug\commandvarset.obj
c:\_programming\_repositories\scarab-engine\_vcproject\scarab engine\engine\debug\commandvarset.asm
c:\_programming\_repositories\scarab-engine\_vcproject\scarab engine\engine\debug\commandshowtree.obj
c:\_programming\_repositories\scarab-engine\_vcproject\scarab engine\engine\debug\commandshowtree.asm
c:\_programming\_repositories\scarab-engine\_vcproject\scarab engine\engine\debug\resourceviewer.obj
c:\_programming\_repositories\scarab-engine\_vcproject\scarab engine\engine\debug\resourceviewer.asm
c:\_programming\_repositories\scarab-engine\_vcproject\scarab engine\engine\debug\videosettings.obj
c:\_programming\_repositories\scarab-engine\_vcproject\scarab engine\engine\debug\videosettings.asm
c:\_programming\_repositories\scarab-engine\_vcproject\scarab engine\engine\debug\commandappend.obj
c:\_programming\_repositories\scarab-engine\_vcproject\scarab engine\engine\debug\commandappend.asm
c:\_programming\_repositories\scarab-engine\_vcproject\scarab engine\engine\debug\commandclose.obj
c:\_programming\_repositories\scarab-engine\_vcproject\scarab engine\engine\debug\commandclose.asm
c:\_programming\_repositories\scarab-engine\_vcproject\scarab engine\engine\debug\commandcreate.obj
c:\_programming\_repositories\scarab-engine\_vcproject\scarab engine\engine\debug\commandcreate.asm
c:\_programming\_repositories\scarab-engine\_vcproject\scarab engine\engine\debug\commandcwd.obj
c:\_programming\_repositories\scarab-engine\_vcproject\scarab engine\engine\debug\commandcwd.asm
c:\_programming\_repositories\scarab-engine\_vcproject\scarab engine\engine\debug\commanddestroy.obj
c:\_programming\_repositories\scarab-engine\_vcproject\scarab engine\engine\debug\commanddestroy.asm
c:\_programming\_repositories\scarab-engine\_vcproject\scarab engine\engine\debug\commandexport.obj
c:\_programming\_repositories\scarab-engine\_vcproject\scarab engine\engine\debug\commandexport.asm
c:\_programming\_repositories\scarab-engine\_vcproject\scarab engine\engine\debug\commandimport.obj
c:\_programming\_repositories\scarab-engine\_vcproject\scarab engine\engine\debug\commandimport.asm
c:\_programming\_repositories\scarab-engine\_vcproject\scarab engine\engine\debug\commandinspect.obj
c:\_programming\_repositories\scarab-engine\_vcproject\scarab engine\engine\debug\commandinspect.asm
c:\_programming\_repositories\scarab-engine\_vcproject\scarab engine\engine\debug\commandlist.obj
c:\_programming\_repositories\scarab-engine\_vcproject\scarab engine\engine\debug\commandlist.asm
c:\_programming\_repositories\scarab-engine\_vcproject\scarab engine\engine\debug\commandload.obj
c:\_programming\_repositories\scarab-engine\_vcproject\scarab engine\engine\debug\commandload.asm
c:\_programming\_repositories\scarab-engine\_vcproject\scarab engine\engine\debug\commandmove.obj
c:\_programming\_repositories\scarab-engine\_vcproject\scarab engine\engine\debug\commandmove.asm
c:\_programming\_repositories\scarab-engine\_vcproject\scarab engine\engine\debug\applicationmanager.obj
c:\_programming\_repositories\scarab-engine\_vcproject\scarab engine\engine\debug\applicationmanager.asm
c:\_programming\_repositories\scarab-engine\_vcproject\scarab engine\engine\debug\baseapplication.obj
c:\_programming\_repositories\scarab-engine\_vcproject\scarab engine\engine\debug\baseapplication.asm
c:\_programming\_repositories\scarab-engine\_vcproject\scarab engine\engine\debug\consoleapplication.obj
c:\_programming\_repositories\scarab-engine\_vcproject\scarab engine\engine\debug\consoleapplication.asm
c:\_programming\_repositories\scarab-engine\_vcproject\scarab engine\engine\debug\windowapplication.obj
c:\_programming\_repositories\scarab-engine\_vcproject\scarab engine\engine\debug\windowapplication.asm
c:\_programming\_repositories\scarab-engine\_vcproject\scarab engine\engine\debug\commandline.obj
c:\_programming\_repositories\scarab-engine\_vcproject\scarab engine\engine\debug\commandline.asm
c:\_programming\_repositories\scarab-engine\_vcproject\scarab engine\engine\debug\initcleanup.obj
c:\_programming\_repositories\scarab-engine\_vcproject\scarab engine\engine\debug\initcleanup.asm
c:\_programming\_repositories\scarab-engine\_vcproject\scarab engine\engine\debug\consolecommand.obj
c:\_programming\_repositories\scarab-engine\_vcproject\scarab engine\engine\debug\consolecommand.asm
c:\_programming\_repositories\scarab-engine\_vcproject\scarab engine\engine\debug\consoleenvironment.obj
c:\_programming\_repositories\scarab-engine\_vcproject\scarab engine\engine\debug\consoleenvironment.asm
c:\_programming\_repositories\scarab-engine\_vcproject\scarab engine\engine\debug\consolemanager.obj
c:\_programming\_repositories\scarab-engine\_vcproject\scarab engine\engine\debug\consolemanager.asm
c:\_programming\_repositories\scarab-engine\_vcproject\scarab engine\engine\debug\commandclear.obj
c:\_programming\_repositories\scarab-engine\_vcproject\scarab engine\engine\debug\commandclear.asm
c:\_programming\_repositories\scarab-engine\_vcproject\scarab engine\engine\debug\commanddump.obj
c:\_programming\_repositories\scarab-engine\_vcproject\scarab engine\engine\debug\commanddump.asm
c:\_programming\_repositories\scarab-engine\_vcproject\scarab engine\engine\debug\commandecho.obj
c:\_programming\_repositories\scarab-engine\_vcproject\scarab engine\engine\debug\commandecho.asm
c:\_programming\_repositories\scarab-engine\_vcproject\scarab engine\engine\debug\commandhelp.obj
c:\_programming\_repositories\scarab-engine\_vcproject\scarab engine\engine\debug\commandhelp.asm
c:\_programming\_repositories\scarab-engine\_vcproject\scarab engine\debug\engine.lib
c:\_programming\_repositories\scarab-engine\_vcproject\scarab engine\engine\debug\engine.vcxprojresolveassemblyreference.cache
c:\_programming\_repositories\scarab-engine\_vcproject\scarab engine\debug\engine.pdb
c:\_programming\_repositories\scarab-engine\_vcproject\scarab engine\engine\debug\engine.tlog\cl.command.1.tlog
c:\_programming\_repositories\scarab-engine\_vcproject\scarab engine\engine\debug\engine.tlog\cl.read.1.tlog
c:\_programming\_repositories\scarab-engine\_vcproject\scarab engine\engine\debug\engine.tlog\cl.write.1.tlog
c:\_programming\_repositories\scarab-engine\_vcproject\scarab engine\engine\debug\engine.tlog\lib-link.read.1.tlog
c:\_programming\_repositories\scarab-engine\_vcproject\scarab engine\engine\debug\engine.tlog\lib-link.write.1.tlog
c:\_programming\_repositories\scarab-engine\_vcproject\scarab engine\engine\debug\engine.tlog\lib.command.1.tlog
