  ApplicationManager.cpp
  Generating Code...
  Compiling...
  WorldPathFinder.cpp
  WorldManager.cpp
  WorldDebugDraw.cpp
  WorldCuller.cpp
  WorldCaster.cpp
  WorldCamera.cpp
  WorldOutdoorArea.cpp
  WorldOutdoor.cpp
d:\programming\_repositories\scarab-engine\source\engine\world\outdoor\worldoutdoor.cpp(122): warning C4100: 'iViewDistance': unreferenced formal parameter
  WorldNode.cpp
  WorldLeaf.cpp
  WorldBaseNode.cpp
  WorldPortalCuller.cpp
  WorldPortal.cpp
  WorldConvexRoom.cpp
  EffectPlanarShadows.cpp
  XML.cpp
  ResourceManager.cpp
  ResourceFile.cpp
  Resource.cpp
  TextureTEX.cpp
  Generating Code...
  Compiling...
  TextureFile.cpp
  TextureBMP.cpp
  MeshMESH.cpp
  MeshFile.cpp
  BitmapFile.cpp
  BitmapBMP.cpp
  BitmapBMAP.cpp
  ResourceDB.cpp
  RDBPersistentStorage.cpp
  Mesh.cpp
d:\programming\_repositories\scarab-engine\source\engine\rendering\resources\mesh.cpp(136): warning C4100: 'hResource': unreferenced formal parameter
d:\programming\_repositories\scarab-engine\source\engine\rendering\resources\mesh.cpp(136): warning C4100: 'pRDB': unreferenced formal parameter
d:\programming\_repositories\scarab-engine\source\engine\rendering\resources\mesh.cpp(177): warning C4100: 'hResource': unreferenced formal parameter
d:\programming\_repositories\scarab-engine\source\engine\rendering\resources\mesh.cpp(177): warning C4100: 'pRDB': unreferenced formal parameter
  GPUTexture.cpp
  GPUShader.cpp
  GPUResourceView.cpp
  GPURenderState.cpp
  GPUInputLayout.cpp
  GPUDeferredContext.cpp
  GPUBuffer.cpp
d:\programming\_repositories\scarab-engine\source\engine\rendering\resources\gpubuffer.cpp(237): warning C4100: 'hResource': unreferenced formal parameter
d:\programming\_repositories\scarab-engine\source\engine\rendering\resources\gpubuffer.cpp(237): warning C4100: 'pRDB': unreferenced formal parameter
d:\programming\_repositories\scarab-engine\source\engine\rendering\resources\gpubuffer.cpp(242): warning C4100: 'hResource': unreferenced formal parameter
d:\programming\_repositories\scarab-engine\source\engine\rendering\resources\gpubuffer.cpp(242): warning C4100: 'pRDB': unreferenced formal parameter
d:\programming\_repositories\scarab-engine\source\engine\rendering\resources\gpubuffer.cpp(273): warning C4100: 'hResource': unreferenced formal parameter
d:\programming\_repositories\scarab-engine\source\engine\rendering\resources\gpubuffer.cpp(273): warning C4100: 'pRDB': unreferenced formal parameter
d:\programming\_repositories\scarab-engine\source\engine\rendering\resources\gpubuffer.cpp(278): warning C4100: 'hResource': unreferenced formal parameter
d:\programming\_repositories\scarab-engine\source\engine\rendering\resources\gpubuffer.cpp(278): warning C4100: 'pRDB': unreferenced formal parameter
d:\programming\_repositories\scarab-engine\source\engine\rendering\resources\gpubuffer.cpp(309): warning C4100: 'hResource': unreferenced formal parameter
d:\programming\_repositories\scarab-engine\source\engine\rendering\resources\gpubuffer.cpp(309): warning C4100: 'pRDB': unreferenced formal parameter
d:\programming\_repositories\scarab-engine\source\engine\rendering\resources\gpubuffer.cpp(314): warning C4100: 'hResource': unreferenced formal parameter
d:\programming\_repositories\scarab-engine\source\engine\rendering\resources\gpubuffer.cpp(314): warning C4100: 'pRDB': unreferenced formal parameter
d:\programming\_repositories\scarab-engine\source\engine\rendering\resources\gpubuffer.cpp(345): warning C4100: 'hResource': unreferenced formal parameter
d:\programming\_repositories\scarab-engine\source\engine\rendering\resources\gpubuffer.cpp(345): warning C4100: 'pRDB': unreferenced formal parameter
d:\programming\_repositories\scarab-engine\source\engine\rendering\resources\gpubuffer.cpp(350): warning C4100: 'hResource': unreferenced formal parameter
d:\programming\_repositories\scarab-engine\source\engine\rendering\resources\gpubuffer.cpp(350): warning C4100: 'pRDB': unreferenced formal parameter
d:\programming\_repositories\scarab-engine\source\engine\rendering\resources\gpubuffer.cpp(381): warning C4100: 'hResource': unreferenced formal parameter
d:\programming\_repositories\scarab-engine\source\engine\rendering\resources\gpubuffer.cpp(381): warning C4100: 'pRDB': unreferenced formal parameter
d:\programming\_repositories\scarab-engine\source\engine\rendering\resources\gpubuffer.cpp(386): warning C4100: 'hResource': unreferenced formal parameter
d:\programming\_repositories\scarab-engine\source\engine\rendering\resources\gpubuffer.cpp(386): warning C4100: 'pRDB': unreferenced formal parameter
  GPUAsynchronous.cpp
  RenderingManager.cpp
  EffectMaterialTexture.cpp
  Generating Code...
  Compiling...
  EffectMaterial.cpp
  EffectLightMaterialTexture.cpp
  EffectLightMaterial.cpp
  EffectDefault.cpp
  EffectTexture.cpp
  EffectColor.cpp
  EffectInstance.cpp
  Effect.cpp
  GPU2DGeometry.cpp
  GPU2DBitmap.cpp
  GPU2DContext.cpp
  CharacterController.cpp
  TubeSurfaceMesh.cpp
  RevolutionSurfaceMesh.cpp
  MeshSurface.cpp
  MeshHeightField.cpp
  MeshTriangle.cpp
  MeshQuad.cpp
  MeshGridPlane.cpp
  MeshDisk.cpp
  Generating Code...
  Compiling...
  MeshTorus.cpp
  MeshSphere.cpp
  MeshCylinder.cpp
  MeshBox.cpp
  MeshSegment.cpp
  ModelingManager.cpp
  WorldDLODNode.cpp
  MeshCurve.cpp
  GUITitleBar.cpp
  GUIBorders.cpp
  GUITree.cpp
  GUITextLog.cpp
  GUISwitchTabs.cpp
  GUIList.cpp
  GUITextInput.cpp
  GUISection.cpp
  GUIRadioButton.cpp
  GUILabel.cpp
  GUIComboList.cpp
  GUICheckBox.cpp
  Generating Code...
  Compiling...
  GUIButton.cpp
  GUITimerEvents.cpp
  GUISkin.cpp
  GUIMoveResize.cpp
  GUIMessageBox.cpp
  GUIMenuLoop.cpp
  GUIMenu.cpp
  GUIWindow.cpp
  GUIWidget.cpp
  GUIOverlay.cpp
  GUIManager.cpp
  GUIEventProcessor.cpp
  GUIBackboard.cpp
  CommandSave.cpp
  CommandRename.cpp
  CommandRDB.cpp
  CommandOpen.cpp
  CommandMove.cpp
  CommandLoad.cpp
  CommandList.cpp
  Generating Code...
  Compiling...
  CommandInspect.cpp
  CommandImport.cpp
  CommandExport.cpp
  CommandDestroy.cpp
  CommandCreate.cpp
  CommandClose.cpp
  CommandCWD.cpp
  VideoSettings.cpp
  ResourceViewer.cpp
  CommandVarSet.cpp
  CommandVarNew.cpp
  CommandVarDel.cpp
  CommandVar.cpp
  CommandRun.cpp
  CommandLookup.cpp
  CommandHelp.cpp
  CommandEcho.cpp
  CommandDump.cpp
  CommandClear.cpp
  CommandShowTree.cpp
  Generating Code...
  Compiling...
  ConsoleManager.cpp
  ConsoleEnvironment.cpp
  ConsoleCommand.cpp
  WindowApplication.cpp
  ConsoleApplication.cpp
  BaseApplication.cpp
  Generating Code...
EffectPlanarShadows.obj : warning LNK4221: This object file does not define any previously undefined public symbols, so it will not be used by any link operation that consumes this library
EffectPlanarReflection.obj : warning LNK4221: This object file does not define any previously undefined public symbols, so it will not be used by any link operation that consumes this library
MorphController.obj : warning LNK4221: This object file does not define any previously undefined public symbols, so it will not be used by any link operation that consumes this library
BoneController.obj : warning LNK4221: This object file does not define any previously undefined public symbols, so it will not be used by any link operation that consumes this library
ParticleSystem.obj : warning LNK4221: This object file does not define any previously undefined public symbols, so it will not be used by any link operation that consumes this library
TubeSurfaceMesh.obj : warning LNK4221: This object file does not define any previously undefined public symbols, so it will not be used by any link operation that consumes this library
RevolutionSurfaceMesh.obj : warning LNK4221: This object file does not define any previously undefined public symbols, so it will not be used by any link operation that consumes this library
  Engine.vcxproj -> D:\Programming\_Repositories\Scarab-Engine\_VCProject\Scarab Engine\Debug\Engine.lib
