c:\_programming\_repositories\scarab-engine\_vcproject\scarab engine\entrypoint\debug\vc140.pdb
c:\_programming\_repositories\scarab-engine\_vcproject\scarab engine\entrypoint\debug\vc140.idb
c:\_programming\_repositories\scarab-engine\_vcproject\scarab engine\entrypoint\debug\battle.obj
c:\_programming\_repositories\scarab-engine\_vcproject\scarab engine\entrypoint\debug\battle.asm
c:\_programming\_repositories\scarab-engine\_vcproject\scarab engine\entrypoint\debug\battlemonsterinstance.obj
c:\_programming\_repositories\scarab-engine\_vcproject\scarab engine\entrypoint\debug\battlemonsterinstance.asm
c:\_programming\_repositories\scarab-engine\_vcproject\scarab engine\entrypoint\debug\gameparameters.obj
c:\_programming\_repositories\scarab-engine\_vcproject\scarab engine\entrypoint\debug\gameparameters.asm
c:\_programming\_repositories\scarab-engine\_vcproject\scarab engine\entrypoint\debug\gameplaymanager.obj
c:\_programming\_repositories\scarab-engine\_vcproject\scarab engine\entrypoint\debug\gameplaymanager.asm
c:\_programming\_repositories\scarab-engine\_vcproject\scarab engine\entrypoint\debug\levelingstats.obj
c:\_programming\_repositories\scarab-engine\_vcproject\scarab engine\entrypoint\debug\levelingstats.asm
c:\_programming\_repositories\scarab-engine\_vcproject\scarab engine\entrypoint\debug\monster.obj
c:\_programming\_repositories\scarab-engine\_vcproject\scarab engine\entrypoint\debug\monster.asm
c:\_programming\_repositories\scarab-engine\_vcproject\scarab engine\entrypoint\debug\rune.obj
c:\_programming\_repositories\scarab-engine\_vcproject\scarab engine\entrypoint\debug\rune.asm
c:\_programming\_repositories\scarab-engine\_vcproject\scarab engine\entrypoint\debug\skill.obj
c:\_programming\_repositories\scarab-engine\_vcproject\scarab engine\entrypoint\debug\skill.asm
c:\_programming\_repositories\scarab-engine\_vcproject\scarab engine\entrypoint\debug\skilleffect.obj
c:\_programming\_repositories\scarab-engine\_vcproject\scarab engine\entrypoint\debug\skilleffect.asm
c:\_programming\_repositories\scarab-engine\_vcproject\scarab engine\entrypoint\debug\statuseffect.obj
c:\_programming\_repositories\scarab-engine\_vcproject\scarab engine\entrypoint\debug\statuseffect.asm
c:\_programming\_repositories\scarab-engine\_vcproject\scarab engine\entrypoint\debug\building.obj
c:\_programming\_repositories\scarab-engine\_vcproject\scarab engine\entrypoint\debug\building.asm
c:\_programming\_repositories\scarab-engine\_vcproject\scarab engine\entrypoint\debug\playertown.obj
c:\_programming\_repositories\scarab-engine\_vcproject\scarab engine\entrypoint\debug\playertown.asm
c:\_programming\_repositories\scarab-engine\_vcproject\scarab engine\entrypoint\debug\graphicsmanager.obj
c:\_programming\_repositories\scarab-engine\_vcproject\scarab engine\entrypoint\debug\graphicsmanager.asm
c:\_programming\_repositories\scarab-engine\_vcproject\scarab engine\entrypoint\debug\hudbackboard.obj
c:\_programming\_repositories\scarab-engine\_vcproject\scarab engine\entrypoint\debug\hudbackboard.asm
c:\_programming\_repositories\scarab-engine\_vcproject\scarab engine\entrypoint\debug\interfacemanager.obj
c:\_programming\_repositories\scarab-engine\_vcproject\scarab engine\entrypoint\debug\interfacemanager.asm
c:\_programming\_repositories\scarab-engine\_vcproject\scarab engine\entrypoint\debug\hudmonsterdb.obj
c:\_programming\_repositories\scarab-engine\_vcproject\scarab engine\entrypoint\debug\hudmonsterdb.asm
c:\_programming\_repositories\scarab-engine\_vcproject\scarab engine\entrypoint\debug\hudplayerlogin.obj
c:\_programming\_repositories\scarab-engine\_vcproject\scarab engine\entrypoint\debug\hudplayerlogin.asm
c:\_programming\_repositories\scarab-engine\_vcproject\scarab engine\entrypoint\debug\battlefield.obj
c:\_programming\_repositories\scarab-engine\_vcproject\scarab engine\entrypoint\debug\battlefield.asm
c:\_programming\_repositories\scarab-engine\_vcproject\scarab engine\entrypoint\debug\debugmain.obj
c:\_programming\_repositories\scarab-engine\_vcproject\scarab engine\entrypoint\debug\debugmain.asm
c:\_programming\_repositories\scarab-engine\_vcproject\scarab engine\entrypoint\debug\mainselector.obj
c:\_programming\_repositories\scarab-engine\_vcproject\scarab engine\entrypoint\debug\mainselector.asm
c:\_programming\_repositories\scarab-engine\_vcproject\scarab engine\entrypoint\debug\entrypoint.vcxprojresolveassemblyreference.cache
c:\_programming\_repositories\scarab-engine\_vcproject\scarab engine\entrypoint\debug\entrypoint.tlog\cl.command.1.tlog
c:\_programming\_repositories\scarab-engine\_vcproject\scarab engine\entrypoint\debug\entrypoint.tlog\cl.read.1.tlog
c:\_programming\_repositories\scarab-engine\_vcproject\scarab engine\entrypoint\debug\entrypoint.tlog\cl.write.1.tlog
