  TownField.cpp
c:\_programming\_repositories\scarab-engine\source\entrypoint\worldofmonsters\entities\entity.inl(23): error C2065: 'm_hGeometry': undeclared identifier
c:\_programming\_repositories\scarab-engine\source\entrypoint\worldofmonsters\entities\entity.inl(27): error C2065: 'm_pSkeleton': undeclared identifier
c:\_programming\_repositories\scarab-engine\source\entrypoint\worldofmonsters\entities\entity.inl(30): error C2065: 'm_pController': undeclared identifier
c:\_programming\_repositories\scarab-engine\source\entrypoint\worldofmonsters\world\townfield.cpp(58): error C2039: 'HasBuilding': is not a member of 'PlayerTown'
  c:\_programming\_repositories\scarab-engine\source\entrypoint\worldofmonsters\gameplay\town\playertown.h(85): note: see declaration of 'PlayerTown'
c:\_programming\_repositories\scarab-engine\source\entrypoint\worldofmonsters\world\townfield.cpp(59): error C2039: 'CreateBuilding': is not a member of 'EntityManager'
  c:\_programming\_repositories\scarab-engine\source\entrypoint\worldofmonsters\entities\entitymanager.h(39): note: see declaration of 'EntityManager'
c:\_programming\_repositories\scarab-engine\source\entrypoint\worldofmonsters\world\townfield.cpp(60): error C2039: 'GetBuildingPosition': is not a member of 'PlayerTown'
  c:\_programming\_repositories\scarab-engine\source\entrypoint\worldofmonsters\gameplay\town\playertown.h(85): note: see declaration of 'PlayerTown'
c:\_programming\_repositories\scarab-engine\source\entrypoint\worldofmonsters\world\townfield.cpp(67): error C2664: 'Bool WorldNode::AddChild(WorldBaseNode *)': cannot convert argument 1 from 'BuildingEntity *' to 'WorldBaseNode *'
  c:\_programming\_repositories\scarab-engine\source\entrypoint\worldofmonsters\world\townfield.cpp(67): note: Types pointed to are unrelated; conversion requires reinterpret_cast, C-style cast or function-style cast
c:\_programming\_repositories\scarab-engine\source\entrypoint\worldofmonsters\world\townfield.cpp(92): error C2039: 'GetBuildingType': is not a member of 'BuildingEntity'
  c:\_programming\_repositories\scarab-engine\source\entrypoint\worldofmonsters\entities\buildingentity.h(34): note: see declaration of 'BuildingEntity'
c:\_programming\_repositories\scarab-engine\source\entrypoint\worldofmonsters\world\townfield.cpp(96): error C2039: 'GetWidth': is not a member of 'BuildingEntity'
  c:\_programming\_repositories\scarab-engine\source\entrypoint\worldofmonsters\entities\buildingentity.h(34): note: see declaration of 'BuildingEntity'
c:\_programming\_repositories\scarab-engine\source\entrypoint\worldofmonsters\world\townfield.cpp(96): error C2039: 'GetHeight': is not a member of 'BuildingEntity'
  c:\_programming\_repositories\scarab-engine\source\entrypoint\worldofmonsters\entities\buildingentity.h(34): note: see declaration of 'BuildingEntity'
c:\_programming\_repositories\scarab-engine\source\entrypoint\worldofmonsters\world\townfield.cpp(96): error C2664: 'Rectangle2::Rectangle2(const Rectangle2 &)': cannot convert argument 1 from 'Point2' to 'const Rectangle2 &'
  c:\_programming\_repositories\scarab-engine\source\entrypoint\worldofmonsters\world\townfield.cpp(96): note: Reason: cannot convert from 'Point2' to 'const Rectangle2'
  c:\_programming\_repositories\scarab-engine\source\entrypoint\worldofmonsters\world\townfield.cpp(96): note: No user-defined-conversion operator available that can perform this conversion, or the operator cannot be called
c:\_programming\_repositories\scarab-engine\source\entrypoint\worldofmonsters\world\townfield.cpp(116): error C2039: 'GetWidth': is not a member of 'BuildingEntity'
  c:\_programming\_repositories\scarab-engine\source\entrypoint\worldofmonsters\entities\buildingentity.h(34): note: see declaration of 'BuildingEntity'
c:\_programming\_repositories\scarab-engine\source\entrypoint\worldofmonsters\world\townfield.cpp(116): error C2039: 'GetHeight': is not a member of 'BuildingEntity'
  c:\_programming\_repositories\scarab-engine\source\entrypoint\worldofmonsters\entities\buildingentity.h(34): note: see declaration of 'BuildingEntity'
c:\_programming\_repositories\scarab-engine\source\entrypoint\worldofmonsters\world\townfield.cpp(116): error C2664: 'Rectangle2::Rectangle2(const Rectangle2 &)': cannot convert argument 1 from 'Point2' to 'const Rectangle2 &'
  c:\_programming\_repositories\scarab-engine\source\entrypoint\worldofmonsters\world\townfield.cpp(116): note: Reason: cannot convert from 'Point2' to 'const Rectangle2'
  c:\_programming\_repositories\scarab-engine\source\entrypoint\worldofmonsters\world\townfield.cpp(116): note: No user-defined-conversion operator available that can perform this conversion, or the operator cannot be called
c:\_programming\_repositories\scarab-engine\source\entrypoint\worldofmonsters\world\townfield.cpp(137): error C2039: 'GetWidth': is not a member of 'BuildingEntity'
  c:\_programming\_repositories\scarab-engine\source\entrypoint\worldofmonsters\entities\buildingentity.h(34): note: see declaration of 'BuildingEntity'
c:\_programming\_repositories\scarab-engine\source\entrypoint\worldofmonsters\world\townfield.cpp(137): error C2039: 'GetHeight': is not a member of 'BuildingEntity'
  c:\_programming\_repositories\scarab-engine\source\entrypoint\worldofmonsters\entities\buildingentity.h(34): note: see declaration of 'BuildingEntity'
c:\_programming\_repositories\scarab-engine\source\entrypoint\worldofmonsters\world\townfield.cpp(137): error C2664: 'Rectangle2::Rectangle2(const Rectangle2 &)': cannot convert argument 1 from 'const Point2' to 'const Rectangle2 &'
  c:\_programming\_repositories\scarab-engine\source\entrypoint\worldofmonsters\world\townfield.cpp(137): note: Reason: cannot convert from 'const Point2' to 'const Rectangle2'
  c:\_programming\_repositories\scarab-engine\source\entrypoint\worldofmonsters\world\townfield.cpp(137): note: No user-defined-conversion operator available that can perform this conversion, or the operator cannot be called
  BattleField.cpp
  WorldOfMonsters.cpp
c:\_programming\_repositories\scarab-engine\source\entrypoint\worldofmonsters\entities\entity.inl(23): error C2065: 'm_hGeometry': undeclared identifier
c:\_programming\_repositories\scarab-engine\source\entrypoint\worldofmonsters\entities\entity.inl(27): error C2065: 'm_pSkeleton': undeclared identifier
c:\_programming\_repositories\scarab-engine\source\entrypoint\worldofmonsters\entities\entity.inl(30): error C2065: 'm_pController': undeclared identifier
c:\_programming\_repositories\scarab-engine\source\entrypoint\worldofmonsters\worldofmonsters.cpp(32): error C2065: 'm_iActionMap': undeclared identifier
c:\_programming\_repositories\scarab-engine\source\entrypoint\worldofmonsters\worldofmonsters.cpp(57): error C3861: '_CreateActions': identifier not found
c:\_programming\_repositories\scarab-engine\source\entrypoint\worldofmonsters\worldofmonsters.cpp(112): error C3861: '_DestroyActions': identifier not found
  HUDPlayerLogin.cpp
  HUDMonsterDB.cpp
  InterfaceManager.cpp
c:\_programming\_repositories\scarab-engine\source\entrypoint\worldofmonsters\interface\interfacemanager.cpp(112): warning C4189: 'pHUDRoot': local variable is initialized but not referenced
  HUDBackboard.cpp
c:\_programming\_repositories\scarab-engine\source\entrypoint\worldofmonsters\interface\hudbackboard.cpp(101): warning C4100: 'pLeaf': unreferenced formal parameter
c:\_programming\_repositories\scarab-engine\source\entrypoint\worldofmonsters\interface\hudbackboard.cpp(101): warning C4100: 'iActionFlags': unreferenced formal parameter
c:\_programming\_repositories\scarab-engine\source\entrypoint\worldofmonsters\interface\hudbackboard.cpp(105): warning C4100: 'pLeaf': unreferenced formal parameter
c:\_programming\_repositories\scarab-engine\source\entrypoint\worldofmonsters\interface\hudbackboard.cpp(105): warning C4100: 'iActionFlags': unreferenced formal parameter
  GraphicsManager.cpp
  PlayerTown.cpp
  Building.cpp
  StatusEffect.cpp
  SkillEffect.cpp
  Skill.cpp
  Rune.cpp
  Monster.cpp
  LevelingStats.cpp
  GameplayManager.cpp
  GameParameters.cpp
  BattleMonsterInstance.cpp
  Battle.cpp
  Generating Code...
  Compiling...
  MonsterEntity.cpp
c:\_programming\_repositories\scarab-engine\source\entrypoint\worldofmonsters\entities\entity.inl(23): error C2065: 'm_hGeometry': undeclared identifier
c:\_programming\_repositories\scarab-engine\source\entrypoint\worldofmonsters\entities\entity.inl(27): error C2065: 'm_pSkeleton': undeclared identifier
c:\_programming\_repositories\scarab-engine\source\entrypoint\worldofmonsters\entities\entity.inl(30): error C2065: 'm_pController': undeclared identifier
c:\_programming\_repositories\scarab-engine\source\entrypoint\worldofmonsters\entities\monsterentity.h(45): error C2143: syntax error: missing ';' before '*'
c:\_programming\_repositories\scarab-engine\source\entrypoint\worldofmonsters\entities\monsterentity.h(45): error C4430: missing type specifier - int assumed. Note: C++ does not support default-int
c:\_programming\_repositories\scarab-engine\source\entrypoint\worldofmonsters\entities\monsterentity.h(45): error C2238: unexpected token(s) preceding ';'
  EntityManager.cpp
c:\_programming\_repositories\scarab-engine\source\entrypoint\worldofmonsters\entities\entity.inl(23): error C2065: 'm_hGeometry': undeclared identifier
c:\_programming\_repositories\scarab-engine\source\entrypoint\worldofmonsters\entities\entity.inl(27): error C2065: 'm_pSkeleton': undeclared identifier
c:\_programming\_repositories\scarab-engine\source\entrypoint\worldofmonsters\entities\entity.inl(30): error C2065: 'm_pController': undeclared identifier
  Entity.cpp
c:\_programming\_repositories\scarab-engine\source\entrypoint\worldofmonsters\entities\entity.inl(23): error C2065: 'm_hGeometry': undeclared identifier
c:\_programming\_repositories\scarab-engine\source\entrypoint\worldofmonsters\entities\entity.inl(27): error C2065: 'm_pSkeleton': undeclared identifier
c:\_programming\_repositories\scarab-engine\source\entrypoint\worldofmonsters\entities\entity.inl(30): error C2065: 'm_pController': undeclared identifier
  BuildingEntity.cpp
c:\_programming\_repositories\scarab-engine\source\entrypoint\worldofmonsters\entities\entity.inl(23): error C2065: 'm_hGeometry': undeclared identifier
c:\_programming\_repositories\scarab-engine\source\entrypoint\worldofmonsters\entities\entity.inl(27): error C2065: 'm_pSkeleton': undeclared identifier
c:\_programming\_repositories\scarab-engine\source\entrypoint\worldofmonsters\entities\entity.inl(30): error C2065: 'm_pController': undeclared identifier
  MainSelector.cpp
  DebugMain.cpp
c:\_programming\_repositories\scarab-engine\source\entrypoint\debug\debugmain.cpp(41): warning C4100: 'cmdLine': unreferenced formal parameter
  Generating Code...
